<?xml version="1.0" encoding="UTF-8"?>
<coverage generated="1760462518917" clover="3.2.0">
  <project timestamp="1760462518917" name="All files">
    <metrics statements="451" coveredstatements="440" conditionals="145" coveredconditionals="108" methods="143" coveredmethods="141" elements="739" coveredelements="689" complexity="0" loc="451" ncloc="451" packages="1" files="27" classes="27"/>
    <file name="useArray.ts" path="/Users/shakir/Documents/MyProjects/react-handyhooks/src/hooks/useArray.ts">
      <metrics statements="19" coveredstatements="19" conditionals="3" coveredconditionals="2" methods="13" coveredmethods="13"/>
      <line num="15" count="1" type="stmt"/>
      <line num="23" count="1" type="cond" truecount="0" falsecount="1"/>
      <line num="24" count="14" type="stmt"/>
      <line num="27" count="14" type="stmt"/>
      <line num="28" count="2" type="stmt"/>
      <line num="32" count="14" type="stmt"/>
      <line num="33" count="3" type="stmt"/>
      <line num="37" count="14" type="stmt"/>
      <line num="38" count="1" type="stmt"/>
      <line num="39" count="3" type="cond" truecount="2" falsecount="0"/>
      <line num="44" count="14" type="stmt"/>
      <line num="45" count="1" type="stmt"/>
      <line num="53" count="14" type="stmt"/>
      <line num="54" count="1" type="stmt"/>
      <line num="58" count="14" type="stmt"/>
      <line num="59" count="1" type="stmt"/>
      <line num="63" count="14" type="stmt"/>
      <line num="65" count="14" type="stmt"/>
      <line num="77" count="1" type="stmt"/>
    </file>
    <file name="useAsync.ts" path="/Users/shakir/Documents/MyProjects/react-handyhooks/src/hooks/useAsync.ts">
      <metrics statements="26" coveredstatements="26" conditionals="9" coveredconditionals="5" methods="6" coveredmethods="6"/>
      <line num="14" count="1" type="stmt"/>
      <line num="37" count="1" type="stmt"/>
      <line num="41" count="13" type="stmt"/>
      <line num="42" count="13" type="stmt"/>
      <line num="43" count="13" type="stmt"/>
      <line num="44" count="13" type="stmt"/>
      <line num="46" count="13" type="stmt"/>
      <line num="48" count="5" type="stmt"/>
      <line num="49" count="5" type="stmt"/>
      <line num="51" count="5" type="stmt"/>
      <line num="52" count="5" type="stmt"/>
      <line num="53" count="4" type="cond" truecount="1" falsecount="1"/>
      <line num="54" count="4" type="stmt"/>
      <line num="56" count="1" type="cond" truecount="1" falsecount="1"/>
      <line num="58" count="5" type="cond" truecount="1" falsecount="1"/>
      <line num="64" count="13" type="stmt"/>
      <line num="65" count="1" type="stmt"/>
      <line num="66" count="1" type="stmt"/>
      <line num="70" count="13" type="stmt"/>
      <line num="71" count="5" type="stmt"/>
      <line num="72" count="5" type="stmt"/>
      <line num="77" count="13" type="stmt"/>
      <line num="78" count="5" type="cond" truecount="2" falsecount="0"/>
      <line num="79" count="1" type="stmt"/>
      <line num="83" count="13" type="stmt"/>
      <line num="86" count="1" type="stmt"/>
    </file>
    <file name="useBoolean.ts" path="/Users/shakir/Documents/MyProjects/react-handyhooks/src/hooks/useBoolean.ts">
      <metrics statements="8" coveredstatements="8" conditionals="1" coveredconditionals="1" methods="5" coveredmethods="5"/>
      <line num="14" count="1" type="stmt"/>
      <line num="38" count="1" type="cond" truecount="1" falsecount="0"/>
      <line num="39" count="9" type="stmt"/>
      <line num="41" count="9" type="stmt"/>
      <line num="42" count="9" type="stmt"/>
      <line num="43" count="9" type="stmt"/>
      <line num="45" count="9" type="stmt"/>
      <line num="48" count="1" type="stmt"/>
    </file>
    <file name="useClickOutside.ts" path="/Users/shakir/Documents/MyProjects/react-handyhooks/src/hooks/useClickOutside.ts">
      <metrics statements="11" coveredstatements="11" conditionals="5" coveredconditionals="5" methods="4" coveredmethods="4"/>
      <line num="12" count="1" type="stmt"/>
      <line num="21" count="1" type="stmt"/>
      <line num="26" count="4" type="stmt"/>
      <line num="27" count="4" type="stmt"/>
      <line num="28" count="4" type="stmt"/>
      <line num="30" count="4" type="cond" truecount="4" falsecount="0"/>
      <line num="31" count="2" type="stmt"/>
      <line num="34" count="4" type="stmt"/>
      <line num="35" count="4" type="stmt"/>
      <line num="36" count="4" type="stmt"/>
      <line num="41" count="1" type="stmt"/>
    </file>
    <file name="useCopyToClipboard.ts" path="/Users/shakir/Documents/MyProjects/react-handyhooks/src/hooks/useCopyToClipboard.ts">
      <metrics statements="31" coveredstatements="28" conditionals="6" coveredconditionals="6" methods="3" coveredmethods="3"/>
      <line num="13" count="1" type="stmt"/>
      <line num="34" count="1" type="stmt"/>
      <line num="35" count="8" type="stmt"/>
      <line num="36" count="8" type="stmt"/>
      <line num="38" count="8" type="stmt"/>
      <line num="39" count="4" type="cond" truecount="2" falsecount="0"/>
      <line num="40" count="1" type="stmt"/>
      <line num="41" count="1" type="stmt"/>
      <line num="44" count="3" type="stmt"/>
      <line num="45" count="3" type="cond" truecount="4" falsecount="0"/>
      <line num="46" count="2" type="stmt"/>
      <line num="49" count="1" type="stmt"/>
      <line num="50" count="1" type="stmt"/>
      <line num="51" count="1" type="stmt"/>
      <line num="52" count="1" type="stmt"/>
      <line num="53" count="1" type="stmt"/>
      <line num="54" count="1" type="stmt"/>
      <line num="55" count="1" type="stmt"/>
      <line num="56" count="1" type="stmt"/>
      <line num="57" count="1" type="stmt"/>
      <line num="60" count="3" type="stmt"/>
      <line num="61" count="3" type="stmt"/>
      <line num="62" count="3" type="stmt"/>
      <line num="64" count="0" type="stmt"/>
      <line num="65" count="0" type="stmt"/>
      <line num="66" count="0" type="stmt"/>
      <line num="70" count="8" type="stmt"/>
      <line num="71" count="1" type="stmt"/>
      <line num="72" count="1" type="stmt"/>
      <line num="75" count="8" type="stmt"/>
      <line num="78" count="1" type="stmt"/>
    </file>
    <file name="useCounter.ts" path="/Users/shakir/Documents/MyProjects/react-handyhooks/src/hooks/useCounter.ts">
      <metrics statements="18" coveredstatements="18" conditionals="11" coveredconditionals="8" methods="7" coveredmethods="7"/>
      <line num="13" count="1" type="stmt"/>
      <line num="44" count="1" type="stmt"/>
      <line num="48" count="15" type="cond" truecount="1" falsecount="0"/>
      <line num="49" count="15" type="stmt"/>
      <line num="51" count="15" type="stmt"/>
      <line num="52" count="6" type="stmt"/>
      <line num="53" count="6" type="stmt"/>
      <line num="54" count="6" type="cond" truecount="4" falsecount="0"/>
      <line num="55" count="5" type="stmt"/>
      <line num="59" count="15" type="stmt"/>
      <line num="60" count="6" type="stmt"/>
      <line num="61" count="6" type="stmt"/>
      <line num="62" count="6" type="cond" truecount="3" falsecount="1"/>
      <line num="63" count="6" type="stmt"/>
      <line num="67" count="15" type="stmt"/>
      <line num="68" count="15" type="stmt"/>
      <line num="70" count="15" type="stmt"/>
      <line num="73" count="1" type="stmt"/>
    </file>
    <file name="useDarkMode.ts" path="/Users/shakir/Documents/MyProjects/react-handyhooks/src/hooks/useDarkMode.ts">
      <metrics statements="30" coveredstatements="29" conditionals="12" coveredconditionals="10" methods="11" coveredmethods="9"/>
      <line num="13" count="1" type="stmt"/>
      <line num="33" count="1" type="stmt"/>
      <line num="37" count="7" type="stmt"/>
      <line num="38" count="3" type="cond" truecount="3" falsecount="1"/>
      <line num="39" count="0" type="stmt"/>
      <line num="40" count="3" type="stmt"/>
      <line num="43" count="7" type="stmt"/>
      <line num="44" count="5" type="cond" truecount="1" falsecount="1"/>
      <line num="45" count="5" type="stmt"/>
      <line num="46" count="5" type="cond" truecount="2" falsecount="0"/>
      <line num="47" count="3" type="stmt"/>
      <line num="50" count="7" type="stmt"/>
      <line num="53" count="7" type="stmt"/>
      <line num="54" count="7" type="stmt"/>
      <line num="55" count="7" type="cond" truecount="2" falsecount="0"/>
      <line num="56" count="4" type="stmt"/>
      <line num="57" count="4" type="stmt"/>
      <line num="59" count="3" type="stmt"/>
      <line num="60" count="3" type="stmt"/>
      <line num="65" count="7" type="stmt"/>
      <line num="66" count="5" type="stmt"/>
      <line num="67" count="5" type="stmt"/>
      <line num="68" count="1" type="stmt"/>
      <line num="70" count="5" type="stmt"/>
      <line num="71" count="5" type="stmt"/>
      <line num="74" count="7" type="stmt"/>
      <line num="75" count="7" type="stmt"/>
      <line num="76" count="7" type="stmt"/>
      <line num="78" count="7" type="stmt"/>
      <line num="81" count="1" type="stmt"/>
    </file>
    <file name="useDebounce.ts" path="/Users/shakir/Documents/MyProjects/react-handyhooks/src/hooks/useDebounce.ts">
      <metrics statements="10" coveredstatements="10" conditionals="1" coveredconditionals="0" methods="4" coveredmethods="4"/>
      <line num="17" count="1" type="stmt"/>
      <line num="26" count="1" type="cond" truecount="0" falsecount="1"/>
      <line num="27" count="14" type="stmt"/>
      <line num="29" count="14" type="stmt"/>
      <line num="31" count="10" type="stmt"/>
      <line num="32" count="5" type="stmt"/>
      <line num="36" count="10" type="stmt"/>
      <line num="37" count="10" type="stmt"/>
      <line num="41" count="14" type="stmt"/>
      <line num="44" count="1" type="stmt"/>
    </file>
    <file name="useDeviceOrientation.ts" path="/Users/shakir/Documents/MyProjects/react-handyhooks/src/hooks/useDeviceOrientation.ts">
      <metrics statements="12" coveredstatements="12" conditionals="10" coveredconditionals="6" methods="4" coveredmethods="4"/>
      <line num="1" count="1" type="stmt"/>
      <line num="21" count="1" type="stmt"/>
      <line num="22" count="7" type="stmt"/>
      <line num="29" count="7" type="stmt"/>
      <line num="30" count="6" type="stmt"/>
      <line num="31" count="1" type="stmt"/>
      <line num="40" count="6" type="cond" truecount="2" falsecount="0"/>
      <line num="41" count="5" type="stmt"/>
      <line num="43" count="1" type="stmt"/>
      <line num="48" count="6" type="stmt"/>
      <line num="49" count="6" type="stmt"/>
      <line num="53" count="7" type="stmt"/>
    </file>
    <file name="useEventListener.ts" path="/Users/shakir/Documents/MyProjects/react-handyhooks/src/hooks/useEventListener.ts">
      <metrics statements="15" coveredstatements="15" conditionals="8" coveredconditionals="6" methods="5" coveredmethods="5"/>
      <line num="16" count="1" type="stmt"/>
      <line num="25" count="1" type="stmt"/>
      <line num="31" count="7" type="stmt"/>
      <line num="33" count="7" type="stmt"/>
      <line num="34" count="7" type="stmt"/>
      <line num="37" count="7" type="stmt"/>
      <line num="39" count="6" type="cond" truecount="2" falsecount="0"/>
      <line num="41" count="6" type="cond" truecount="3" falsecount="1"/>
      <line num="44" count="6" type="stmt"/>
      <line num="45" count="5" type="cond" truecount="1" falsecount="1"/>
      <line num="46" count="5" type="stmt"/>
      <line num="51" count="6" type="stmt"/>
      <line num="54" count="6" type="stmt"/>
      <line num="55" count="6" type="stmt"/>
      <line num="60" count="1" type="stmt"/>
    </file>
    <file name="useFocus.ts" path="/Users/shakir/Documents/MyProjects/react-handyhooks/src/hooks/useFocus.ts">
      <metrics statements="13" coveredstatements="13" conditionals="4" coveredconditionals="4" methods="3" coveredmethods="3"/>
      <line num="1" count="1" type="stmt"/>
      <line num="26" count="1" type="stmt"/>
      <line num="27" count="5" type="stmt"/>
      <line num="28" count="5" type="stmt"/>
      <line num="30" count="5" type="stmt"/>
      <line num="31" count="4" type="cond" truecount="2" falsecount="0"/>
      <line num="32" count="3" type="stmt"/>
      <line num="33" count="3" type="stmt"/>
      <line num="37" count="5" type="stmt"/>
      <line num="38" count="3" type="cond" truecount="2" falsecount="0"/>
      <line num="39" count="2" type="stmt"/>
      <line num="40" count="2" type="stmt"/>
      <line num="44" count="5" type="stmt"/>
    </file>
    <file name="useFormState.ts" path="/Users/shakir/Documents/MyProjects/react-handyhooks/src/hooks/useFormState.ts">
      <metrics statements="36" coveredstatements="36" conditionals="12" coveredconditionals="9" methods="8" coveredmethods="8"/>
      <line num="1" count="1" type="stmt"/>
      <line num="47" count="1" type="stmt"/>
      <line num="51" count="17" type="stmt"/>
      <line num="52" count="17" type="stmt"/>
      <line num="53" count="17" type="stmt"/>
      <line num="56" count="17" type="stmt"/>
      <line num="58" count="17" type="stmt"/>
      <line num="64" count="7" type="stmt"/>
      <line num="65" count="7" type="stmt"/>
      <line num="67" count="7" type="cond" truecount="4" falsecount="0"/>
      <line num="71" count="7" type="stmt"/>
      <line num="72" count="7" type="cond" truecount="1" falsecount="1"/>
      <line num="73" count="7" type="stmt"/>
      <line num="78" count="17" type="stmt"/>
      <line num="84" count="2" type="stmt"/>
      <line num="85" count="2" type="stmt"/>
      <line num="86" count="2" type="cond" truecount="1" falsecount="1"/>
      <line num="91" count="17" type="stmt"/>
      <line num="93" count="2" type="stmt"/>
      <line num="94" count="2" type="stmt"/>
      <line num="95" count="2" type="stmt"/>
      <line num="96" count="2" type="cond" truecount="1" falsecount="1"/>
      <line num="97" count="2" type="stmt"/>
      <line num="98" count="2" type="stmt"/>
      <line num="99" count="2" type="stmt"/>
      <line num="100" count="2" type="cond" truecount="2" falsecount="0"/>
      <line num="101" count="1" type="stmt"/>
      <line num="102" count="1" type="stmt"/>
      <line num="105" count="1" type="stmt"/>
      <line num="106" count="1" type="stmt"/>
      <line num="111" count="17" type="stmt"/>
      <line num="112" count="1" type="stmt"/>
      <line num="113" count="1" type="stmt"/>
      <line num="114" count="1" type="stmt"/>
      <line num="115" count="1" type="stmt"/>
      <line num="118" count="17" type="stmt"/>
    </file>
    <file name="useHover.ts" path="/Users/shakir/Documents/MyProjects/react-handyhooks/src/hooks/useHover.ts">
      <metrics statements="15" coveredstatements="15" conditionals="2" coveredconditionals="1" methods="5" coveredmethods="5"/>
      <line num="1" count="1" type="stmt"/>
      <line num="22" count="1" type="stmt"/>
      <line num="23" count="6" type="stmt"/>
      <line num="24" count="6" type="stmt"/>
      <line num="26" count="6" type="stmt"/>
      <line num="27" count="3" type="stmt"/>
      <line num="28" count="3" type="cond" truecount="1" falsecount="1"/>
      <line num="30" count="3" type="stmt"/>
      <line num="31" count="3" type="stmt"/>
      <line num="33" count="3" type="stmt"/>
      <line num="34" count="3" type="stmt"/>
      <line num="36" count="3" type="stmt"/>
      <line num="37" count="3" type="stmt"/>
      <line num="38" count="3" type="stmt"/>
      <line num="42" count="6" type="stmt"/>
    </file>
    <file name="useInput.ts" path="/Users/shakir/Documents/MyProjects/react-handyhooks/src/hooks/useInput.ts">
      <metrics statements="14" coveredstatements="14" conditionals="3" coveredconditionals="3" methods="3" coveredmethods="3"/>
      <line num="1" count="1" type="stmt"/>
      <line num="30" count="1" type="stmt"/>
      <line num="34" count="12" type="stmt"/>
      <line num="35" count="12" type="stmt"/>
      <line num="37" count="12" type="stmt"/>
      <line num="39" count="4" type="stmt"/>
      <line num="40" count="4" type="stmt"/>
      <line num="42" count="4" type="cond" truecount="2" falsecount="0"/>
      <line num="43" count="3" type="stmt"/>
      <line num="44" count="3" type="stmt"/>
      <line num="50" count="12" type="stmt"/>
      <line num="51" count="1" type="stmt"/>
      <line num="52" count="1" type="stmt"/>
      <line num="55" count="12" type="stmt"/>
    </file>
    <file name="useInterval.ts" path="/Users/shakir/Documents/MyProjects/react-handyhooks/src/hooks/useInterval.ts">
      <metrics statements="10" coveredstatements="10" conditionals="4" coveredconditionals="4" methods="5" coveredmethods="5"/>
      <line num="1" count="1" type="stmt"/>
      <line num="17" count="1" type="stmt"/>
      <line num="18" count="7" type="stmt"/>
      <line num="21" count="7" type="stmt"/>
      <line num="22" count="6" type="stmt"/>
      <line num="26" count="7" type="stmt"/>
      <line num="27" count="6" type="cond" truecount="2" falsecount="0"/>
      <line num="29" count="10" type="cond" truecount="2" falsecount="0"/>
      <line num="31" count="5" type="stmt"/>
      <line num="32" count="5" type="stmt"/>
    </file>
    <file name="useLocalStorage.ts" path="/Users/shakir/Documents/MyProjects/react-handyhooks/src/hooks/useLocalStorage.ts">
      <metrics statements="30" coveredstatements="29" conditionals="14" coveredconditionals="9" methods="7" coveredmethods="7"/>
      <line num="1" count="1" type="stmt"/>
      <line num="20" count="1" type="stmt"/>
      <line num="22" count="12" type="stmt"/>
      <line num="23" count="8" type="cond" truecount="1" falsecount="1"/>
      <line num="25" count="8" type="stmt"/>
      <line num="26" count="8" type="stmt"/>
      <line num="27" count="6" type="cond" truecount="2" falsecount="0"/>
      <line num="29" count="2" type="stmt"/>
      <line num="33" count="2" type="stmt"/>
      <line num="37" count="12" type="stmt"/>
      <line num="40" count="12" type="stmt"/>
      <line num="41" count="3" type="stmt"/>
      <line num="43" count="3" type="cond" truecount="2" falsecount="0"/>
      <line num="44" count="3" type="stmt"/>
      <line num="45" count="3" type="cond" truecount="1" falsecount="1"/>
      <line num="46" count="3" type="stmt"/>
      <line num="49" count="1" type="stmt"/>
      <line num="57" count="12" type="stmt"/>
      <line num="58" count="1" type="stmt"/>
      <line num="59" count="1" type="stmt"/>
      <line num="60" count="1" type="cond" truecount="1" falsecount="1"/>
      <line num="61" count="1" type="stmt"/>
      <line num="64" count="0" type="stmt"/>
      <line num="72" count="12" type="stmt"/>
      <line num="73" count="8" type="stmt"/>
      <line num="74" count="1" type="cond" truecount="1" falsecount="1"/>
      <line num="75" count="1" type="stmt"/>
      <line num="81" count="8" type="stmt"/>
      <line num="82" count="8" type="stmt"/>
      <line num="85" count="12" type="stmt"/>
    </file>
    <file name="useMap.ts" path="/Users/shakir/Documents/MyProjects/react-handyhooks/src/hooks/useMap.ts">
      <metrics statements="20" coveredstatements="20" conditionals="0" coveredconditionals="0" methods="10" coveredmethods="10"/>
      <line num="1" count="1" type="stmt"/>
      <line num="31" count="1" type="stmt"/>
      <line num="32" count="13" type="stmt"/>
      <line num="34" count="13" type="stmt"/>
      <line num="35" count="2" type="stmt"/>
      <line num="36" count="2" type="stmt"/>
      <line num="37" count="2" type="stmt"/>
      <line num="38" count="2" type="stmt"/>
      <line num="42" count="13" type="stmt"/>
      <line num="43" count="2" type="stmt"/>
      <line num="44" count="2" type="stmt"/>
      <line num="45" count="2" type="stmt"/>
      <line num="46" count="2" type="stmt"/>
      <line num="50" count="13" type="stmt"/>
      <line num="52" count="13" type="stmt"/>
      <line num="54" count="13" type="stmt"/>
      <line num="55" count="1" type="stmt"/>
      <line num="58" count="13" type="stmt"/>
      <line num="59" count="1" type="stmt"/>
      <line num="62" count="13" type="stmt"/>
    </file>
    <file name="useMediaQuery.ts" path="/Users/shakir/Documents/MyProjects/react-handyhooks/src/hooks/useMediaQuery.ts">
      <metrics statements="16" coveredstatements="15" conditionals="4" coveredconditionals="2" methods="5" coveredmethods="5"/>
      <line num="1" count="1" type="stmt"/>
      <line num="16" count="1" type="stmt"/>
      <line num="17" count="6" type="stmt"/>
      <line num="18" count="4" type="cond" truecount="1" falsecount="1"/>
      <line num="19" count="4" type="stmt"/>
      <line num="21" count="0" type="stmt"/>
      <line num="24" count="6" type="stmt"/>
      <line num="25" count="4" type="cond" truecount="1" falsecount="1"/>
      <line num="27" count="4" type="stmt"/>
      <line num="28" count="4" type="stmt"/>
      <line num="29" count="2" type="stmt"/>
      <line num="32" count="4" type="stmt"/>
      <line num="35" count="4" type="stmt"/>
      <line num="38" count="4" type="stmt"/>
      <line num="39" count="4" type="stmt"/>
      <line num="43" count="6" type="stmt"/>
    </file>
    <file name="useOnlineStatus.ts" path="/Users/shakir/Documents/MyProjects/react-handyhooks/src/hooks/useOnlineStatus.ts">
      <metrics statements="13" coveredstatements="13" conditionals="2" coveredconditionals="1" methods="5" coveredmethods="5"/>
      <line num="1" count="1" type="stmt"/>
      <line num="14" count="1" type="stmt"/>
      <line num="15" count="6" type="stmt"/>
      <line num="19" count="6" type="stmt"/>
      <line num="20" count="4" type="stmt"/>
      <line num="21" count="4" type="stmt"/>
      <line num="23" count="4" type="stmt"/>
      <line num="24" count="4" type="stmt"/>
      <line num="27" count="4" type="stmt"/>
      <line num="29" count="4" type="stmt"/>
      <line num="30" count="4" type="stmt"/>
      <line num="31" count="4" type="stmt"/>
      <line num="35" count="6" type="stmt"/>
    </file>
    <file name="usePrevious.ts" path="/Users/shakir/Documents/MyProjects/react-handyhooks/src/hooks/usePrevious.ts">
      <metrics statements="7" coveredstatements="7" conditionals="0" coveredconditionals="0" methods="2" coveredmethods="2"/>
      <line num="17" count="1" type="stmt"/>
      <line num="25" count="1" type="stmt"/>
      <line num="26" count="10" type="stmt"/>
      <line num="29" count="10" type="stmt"/>
      <line num="30" count="10" type="stmt"/>
      <line num="33" count="10" type="stmt"/>
      <line num="36" count="1" type="stmt"/>
    </file>
    <file name="useRafState.ts" path="/Users/shakir/Documents/MyProjects/react-handyhooks/src/hooks/useRafState.ts">
      <metrics statements="11" coveredstatements="11" conditionals="2" coveredconditionals="2" methods="3" coveredmethods="3"/>
      <line num="1" count="1" type="stmt"/>
      <line num="26" count="1" type="stmt"/>
      <line num="29" count="9" type="stmt"/>
      <line num="30" count="9" type="stmt"/>
      <line num="32" count="9" type="stmt"/>
      <line num="33" count="4" type="stmt"/>
      <line num="35" count="4" type="cond" truecount="2" falsecount="0"/>
      <line num="38" count="4" type="stmt"/>
      <line num="39" count="4" type="stmt"/>
      <line num="44" count="9" type="stmt"/>
      <line num="46" count="9" type="stmt"/>
    </file>
    <file name="useSessionStorage.ts" path="/Users/shakir/Documents/MyProjects/react-handyhooks/src/hooks/useSessionStorage.ts">
      <metrics statements="24" coveredstatements="21" conditionals="14" coveredconditionals="11" methods="6" coveredmethods="6"/>
      <line num="1" count="1" type="stmt"/>
      <line num="18" count="1" type="stmt"/>
      <line num="22" count="11" type="stmt"/>
      <line num="23" count="6" type="cond" truecount="1" falsecount="1"/>
      <line num="24" count="6" type="stmt"/>
      <line num="25" count="6" type="stmt"/>
      <line num="26" count="6" type="cond" truecount="2" falsecount="0"/>
      <line num="28" count="0" type="stmt"/>
      <line num="29" count="0" type="stmt"/>
      <line num="33" count="11" type="stmt"/>
      <line num="35" count="11" type="stmt"/>
      <line num="36" count="3" type="stmt"/>
      <line num="38" count="3" type="cond" truecount="2" falsecount="0"/>
      <line num="39" count="3" type="stmt"/>
      <line num="40" count="3" type="cond" truecount="1" falsecount="1"/>
      <line num="41" count="3" type="stmt"/>
      <line num="47" count="0" type="stmt"/>
      <line num="51" count="11" type="stmt"/>
      <line num="52" count="6" type="stmt"/>
      <line num="53" count="2" type="cond" truecount="1" falsecount="1"/>
      <line num="57" count="2" type="stmt"/>
      <line num="63" count="6" type="stmt"/>
      <line num="64" count="6" type="stmt"/>
      <line num="67" count="11" type="stmt"/>
    </file>
    <file name="useThrottle.ts" path="/Users/shakir/Documents/MyProjects/react-handyhooks/src/hooks/useThrottle.ts">
      <metrics statements="16" coveredstatements="14" conditionals="3" coveredconditionals="1" methods="4" coveredmethods="4"/>
      <line num="21" count="1" type="stmt"/>
      <line num="30" count="1" type="cond" truecount="0" falsecount="1"/>
      <line num="31" count="15" type="stmt"/>
      <line num="32" count="15" type="stmt"/>
      <line num="34" count="15" type="stmt"/>
      <line num="35" count="11" type="stmt"/>
      <line num="36" count="11" type="stmt"/>
      <line num="38" count="11" type="cond" truecount="1" falsecount="1"/>
      <line num="40" count="0" type="stmt"/>
      <line num="41" count="0" type="stmt"/>
      <line num="44" count="11" type="stmt"/>
      <line num="45" count="4" type="stmt"/>
      <line num="46" count="4" type="stmt"/>
      <line num="50" count="11" type="stmt"/>
      <line num="54" count="15" type="stmt"/>
      <line num="57" count="1" type="stmt"/>
    </file>
    <file name="useTimeout.ts" path="/Users/shakir/Documents/MyProjects/react-handyhooks/src/hooks/useTimeout.ts">
      <metrics statements="19" coveredstatements="19" conditionals="4" coveredconditionals="4" methods="6" coveredmethods="6"/>
      <line num="1" count="1" type="stmt"/>
      <line num="19" count="1" type="stmt"/>
      <line num="20" count="4" type="stmt"/>
      <line num="21" count="4" type="stmt"/>
      <line num="24" count="4" type="stmt"/>
      <line num="25" count="4" type="stmt"/>
      <line num="28" count="4" type="stmt"/>
      <line num="29" count="9" type="cond" truecount="2" falsecount="0"/>
      <line num="30" count="4" type="stmt"/>
      <line num="31" count="4" type="stmt"/>
      <line num="35" count="4" type="stmt"/>
      <line num="36" count="6" type="cond" truecount="2" falsecount="0"/>
      <line num="37" count="4" type="stmt"/>
      <line num="38" count="4" type="stmt"/>
      <line num="39" count="2" type="stmt"/>
      <line num="44" count="4" type="stmt"/>
      <line num="45" count="4" type="stmt"/>
      <line num="46" count="4" type="stmt"/>
      <line num="49" count="4" type="stmt"/>
    </file>
    <file name="useToggle.ts" path="/Users/shakir/Documents/MyProjects/react-handyhooks/src/hooks/useToggle.ts">
      <metrics statements="8" coveredstatements="8" conditionals="3" coveredconditionals="3" methods="3" coveredmethods="3"/>
      <line num="20" count="1" type="stmt"/>
      <line num="30" count="1" type="stmt"/>
      <line num="33" count="11" type="stmt"/>
      <line num="41" count="11" type="stmt"/>
      <line num="42" count="7" type="stmt"/>
      <line num="43" count="7" type="cond" truecount="2" falsecount="0"/>
      <line num="47" count="11" type="stmt"/>
      <line num="50" count="1" type="stmt"/>
    </file>
    <file name="useUpdateEffect.ts" path="/Users/shakir/Documents/MyProjects/react-handyhooks/src/hooks/useUpdateEffect.ts">
      <metrics statements="8" coveredstatements="8" conditionals="2" coveredconditionals="2" methods="2" coveredmethods="2"/>
      <line num="1" count="1" type="stmt"/>
      <line num="16" count="1" type="stmt"/>
      <line num="17" count="10" type="stmt"/>
      <line num="19" count="10" type="stmt"/>
      <line num="20" count="10" type="cond" truecount="2" falsecount="0"/>
      <line num="21" count="4" type="stmt"/>
      <line num="22" count="4" type="stmt"/>
      <line num="24" count="6" type="stmt"/>
    </file>
    <file name="useWindowSize.ts" path="/Users/shakir/Documents/MyProjects/react-handyhooks/src/hooks/useWindowSize.ts">
      <metrics statements="11" coveredstatements="11" conditionals="6" coveredconditionals="3" methods="4" coveredmethods="4"/>
      <line num="1" count="1" type="stmt"/>
      <line num="15" count="1" type="stmt"/>
      <line num="16" count="10" type="stmt"/>
      <line num="21" count="10" type="stmt"/>
      <line num="22" count="4" type="cond" truecount="1" falsecount="1"/>
      <line num="24" count="4" type="stmt"/>
      <line num="25" count="6" type="stmt"/>
      <line num="32" count="4" type="stmt"/>
      <line num="35" count="4" type="stmt"/>
      <line num="38" count="4" type="stmt"/>
      <line num="41" count="10" type="stmt"/>
    </file>
  </project>
</coverage>
