{
    "/Users/shakir/Documents/MyProjects/react-handyhooks/src/hooks/useArray.ts": {
        "path": "/Users/shakir/Documents/MyProjects/react-handyhooks/src/hooks/useArray.ts",
        "statementMap": {
            "0": {
                "start": { "line": 23, "column": 0 },
                "end": { "line": 23, "column": 16 }
            },
            "1": {
                "start": { "line": 15, "column": 0 },
                "end": { "line": 15, "column": 46 }
            },
            "2": {
                "start": { "line": 24, "column": 30 },
                "end": { "line": 24, "column": 57 }
            },
            "3": {
                "start": { "line": 27, "column": 17 },
                "end": { "line": 29, "column": 10 }
            },
            "4": {
                "start": { "line": 28, "column": 8 },
                "end": { "line": 28, "column": 47 }
            },
            "5": {
                "start": { "line": 28, "column": 27 },
                "end": { "line": 28, "column": 45 }
            },
            "6": {
                "start": { "line": 32, "column": 19 },
                "end": { "line": 34, "column": 10 }
            },
            "7": {
                "start": { "line": 33, "column": 8 },
                "end": { "line": 33, "column": 63 }
            },
            "8": {
                "start": { "line": 33, "column": 27 },
                "end": { "line": 33, "column": 61 }
            },
            "9": {
                "start": { "line": 33, "column": 49 },
                "end": { "line": 33, "column": 60 }
            },
            "10": {
                "start": { "line": 37, "column": 19 },
                "end": { "line": 41, "column": 10 }
            },
            "11": {
                "start": { "line": 38, "column": 8 },
                "end": { "line": 40, "column": 10 }
            },
            "12": {
                "start": { "line": 39, "column": 12 },
                "end": { "line": 39, "column": 68 }
            },
            "13": {
                "start": { "line": 39, "column": 35 },
                "end": { "line": 39, "column": 66 }
            },
            "14": {
                "start": { "line": 44, "column": 19 },
                "end": { "line": 50, "column": 10 }
            },
            "15": {
                "start": { "line": 45, "column": 8 },
                "end": { "line": 49, "column": 11 }
            },
            "16": {
                "start": { "line": 45, "column": 27 },
                "end": { "line": 49, "column": 10 }
            },
            "17": {
                "start": { "line": 53, "column": 16 },
                "end": { "line": 55, "column": 10 }
            },
            "18": {
                "start": { "line": 54, "column": 8 },
                "end": { "line": 54, "column": 27 }
            },
            "19": {
                "start": { "line": 58, "column": 18 },
                "end": { "line": 60, "column": 10 }
            },
            "20": {
                "start": { "line": 59, "column": 8 },
                "end": { "line": 59, "column": 21 }
            },
            "21": {
                "start": { "line": 63, "column": 20 },
                "end": { "line": 63, "column": 38 }
            },
            "22": {
                "start": { "line": 65, "column": 4 },
                "end": { "line": 74, "column": 6 }
            },
            "23": {
                "start": { "line": 77, "column": 0 },
                "end": { "line": 77, "column": 24 }
            }
        },
        "fnMap": {
            "0": {
                "name": "useArray",
                "decl": {
                    "start": { "line": 23, "column": 16 },
                    "end": { "line": 23, "column": 24 }
                },
                "loc": {
                    "start": { "line": 23, "column": 50 },
                    "end": { "line": 75, "column": 1 }
                }
            },
            "1": {
                "name": "(anonymous_1)",
                "decl": {
                    "start": { "line": 27, "column": 29 },
                    "end": { "line": 27, "column": 30 }
                },
                "loc": {
                    "start": { "line": 27, "column": 44 },
                    "end": { "line": 29, "column": 5 }
                }
            },
            "2": {
                "name": "(anonymous_2)",
                "decl": {
                    "start": { "line": 28, "column": 17 },
                    "end": { "line": 28, "column": 18 }
                },
                "loc": {
                    "start": { "line": 28, "column": 27 },
                    "end": { "line": 28, "column": 45 }
                }
            },
            "3": {
                "name": "(anonymous_3)",
                "decl": {
                    "start": { "line": 32, "column": 31 },
                    "end": { "line": 32, "column": 32 }
                },
                "loc": {
                    "start": { "line": 32, "column": 49 },
                    "end": { "line": 34, "column": 5 }
                }
            },
            "4": {
                "name": "(anonymous_4)",
                "decl": {
                    "start": { "line": 33, "column": 17 },
                    "end": { "line": 33, "column": 18 }
                },
                "loc": {
                    "start": { "line": 33, "column": 27 },
                    "end": { "line": 33, "column": 61 }
                }
            },
            "5": {
                "name": "(anonymous_5)",
                "decl": {
                    "start": { "line": 33, "column": 39 },
                    "end": { "line": 33, "column": 40 }
                },
                "loc": {
                    "start": { "line": 33, "column": 49 },
                    "end": { "line": 33, "column": 60 }
                }
            },
            "6": {
                "name": "(anonymous_6)",
                "decl": {
                    "start": { "line": 37, "column": 31 },
                    "end": { "line": 37, "column": 32 }
                },
                "loc": {
                    "start": { "line": 37, "column": 64 },
                    "end": { "line": 41, "column": 5 }
                }
            },
            "7": {
                "name": "(anonymous_7)",
                "decl": {
                    "start": { "line": 38, "column": 17 },
                    "end": { "line": 38, "column": 18 }
                },
                "loc": {
                    "start": { "line": 39, "column": 12 },
                    "end": { "line": 39, "column": 68 }
                }
            },
            "8": {
                "name": "(anonymous_8)",
                "decl": {
                    "start": { "line": 39, "column": 21 },
                    "end": { "line": 39, "column": 22 }
                },
                "loc": {
                    "start": { "line": 39, "column": 35 },
                    "end": { "line": 39, "column": 66 }
                }
            },
            "9": {
                "name": "(anonymous_9)",
                "decl": {
                    "start": { "line": 44, "column": 31 },
                    "end": { "line": 44, "column": 32 }
                },
                "loc": {
                    "start": { "line": 44, "column": 61 },
                    "end": { "line": 50, "column": 5 }
                }
            },
            "10": {
                "name": "(anonymous_10)",
                "decl": {
                    "start": { "line": 45, "column": 17 },
                    "end": { "line": 45, "column": 18 }
                },
                "loc": {
                    "start": { "line": 45, "column": 27 },
                    "end": { "line": 49, "column": 10 }
                }
            },
            "11": {
                "name": "(anonymous_11)",
                "decl": {
                    "start": { "line": 53, "column": 28 },
                    "end": { "line": 53, "column": 29 }
                },
                "loc": {
                    "start": { "line": 53, "column": 46 },
                    "end": { "line": 55, "column": 5 }
                }
            },
            "12": {
                "name": "(anonymous_12)",
                "decl": {
                    "start": { "line": 58, "column": 30 },
                    "end": { "line": 58, "column": 33 }
                },
                "loc": {
                    "start": { "line": 58, "column": 35 },
                    "end": { "line": 60, "column": 5 }
                }
            }
        },
        "branchMap": {
            "0": {
                "loc": {
                    "start": { "line": 23, "column": 28 },
                    "end": { "line": 23, "column": 50 }
                },
                "type": "default-arg",
                "locations": [
                    {
                        "start": { "line": 23, "column": 48 },
                        "end": { "line": 23, "column": 50 }
                    }
                ]
            },
            "1": {
                "loc": {
                    "start": { "line": 39, "column": 35 },
                    "end": { "line": 39, "column": 66 }
                },
                "type": "cond-expr",
                "locations": [
                    {
                        "start": { "line": 39, "column": 49 },
                        "end": { "line": 39, "column": 59 }
                    },
                    {
                        "start": { "line": 39, "column": 62 },
                        "end": { "line": 39, "column": 66 }
                    }
                ]
            }
        },
        "s": {
            "0": 1,
            "1": 1,
            "2": 14,
            "3": 14,
            "4": 2,
            "5": 2,
            "6": 14,
            "7": 1,
            "8": 1,
            "9": 3,
            "10": 14,
            "11": 1,
            "12": 1,
            "13": 3,
            "14": 14,
            "15": 1,
            "16": 1,
            "17": 14,
            "18": 1,
            "19": 14,
            "20": 1,
            "21": 14,
            "22": 14,
            "23": 1
        },
        "f": {
            "0": 14,
            "1": 2,
            "2": 2,
            "3": 1,
            "4": 1,
            "5": 3,
            "6": 1,
            "7": 1,
            "8": 3,
            "9": 1,
            "10": 1,
            "11": 1,
            "12": 1
        },
        "b": { "0": [0], "1": [1, 2] }
    },
    "/Users/shakir/Documents/MyProjects/react-handyhooks/src/hooks/useAsync.ts": {
        "path": "/Users/shakir/Documents/MyProjects/react-handyhooks/src/hooks/useAsync.ts",
        "statementMap": {
            "0": {
                "start": { "line": 37, "column": 0 },
                "end": { "line": 37, "column": 16 }
            },
            "1": {
                "start": { "line": 14, "column": 0 },
                "end": { "line": 14, "column": 65 }
            },
            "2": {
                "start": { "line": 41, "column": 28 },
                "end": { "line": 41, "column": 52 }
            },
            "3": {
                "start": { "line": 42, "column": 30 },
                "end": { "line": 42, "column": 54 }
            },
            "4": {
                "start": { "line": 43, "column": 38 },
                "end": { "line": 43, "column": 53 }
            },
            "5": {
                "start": { "line": 44, "column": 22 },
                "end": { "line": 44, "column": 34 }
            },
            "6": {
                "start": { "line": 46, "column": 20 },
                "end": { "line": 61, "column": null }
            },
            "7": {
                "start": { "line": 48, "column": 12 },
                "end": { "line": 48, "column": 31 }
            },
            "8": {
                "start": { "line": 49, "column": 12 },
                "end": { "line": 49, "column": 27 }
            },
            "9": {
                "start": { "line": 51, "column": 12 },
                "end": { "line": 59, "column": 13 }
            },
            "10": {
                "start": { "line": 52, "column": 31 },
                "end": { "line": 52, "column": 59 }
            },
            "11": {
                "start": { "line": 53, "column": 16 },
                "end": { "line": 53, "column": 55 }
            },
            "12": {
                "start": { "line": 53, "column": 39 },
                "end": { "line": 53, "column": 55 }
            },
            "13": {
                "start": { "line": 54, "column": 16 },
                "end": { "line": 54, "column": 30 }
            },
            "14": {
                "start": { "line": 56, "column": 16 },
                "end": { "line": 56, "column": 58 }
            },
            "15": {
                "start": { "line": 56, "column": 39 },
                "end": { "line": 56, "column": 58 }
            },
            "16": {
                "start": { "line": 58, "column": 16 },
                "end": { "line": 58, "column": 59 }
            },
            "17": {
                "start": { "line": 58, "column": 39 },
                "end": { "line": 58, "column": 59 }
            },
            "18": {
                "start": { "line": 64, "column": 18 },
                "end": { "line": 67, "column": 10 }
            },
            "19": {
                "start": { "line": 65, "column": 8 },
                "end": { "line": 65, "column": 22 }
            },
            "20": {
                "start": { "line": 66, "column": 8 },
                "end": { "line": 66, "column": 23 }
            },
            "21": {
                "start": { "line": 70, "column": 4 },
                "end": { "line": 74, "column": 11 }
            },
            "22": {
                "start": { "line": 71, "column": 8 },
                "end": { "line": 73, "column": 10 }
            },
            "23": {
                "start": { "line": 72, "column": 12 },
                "end": { "line": 72, "column": 38 }
            },
            "24": {
                "start": { "line": 77, "column": 4 },
                "end": { "line": 81, "column": 29 }
            },
            "25": {
                "start": { "line": 78, "column": 8 },
                "end": { "line": 80, "column": 9 }
            },
            "26": {
                "start": { "line": 79, "column": 12 },
                "end": { "line": 79, "column": 22 }
            },
            "27": {
                "start": { "line": 83, "column": 4 },
                "end": { "line": 83, "column": 54 }
            },
            "28": {
                "start": { "line": 86, "column": 0 },
                "end": { "line": 86, "column": 24 }
            }
        },
        "fnMap": {
            "0": {
                "name": "useAsync",
                "decl": {
                    "start": { "line": 37, "column": 16 },
                    "end": { "line": 37, "column": 24 }
                },
                "loc": {
                    "start": { "line": 39, "column": 30 },
                    "end": { "line": 84, "column": 1 }
                }
            },
            "1": {
                "name": "(anonymous_1)",
                "decl": {
                    "start": { "line": 47, "column": 8 },
                    "end": { "line": 47, "column": 13 }
                },
                "loc": {
                    "start": { "line": 47, "column": 33 },
                    "end": { "line": 60, "column": 9 }
                }
            },
            "2": {
                "name": "(anonymous_2)",
                "decl": {
                    "start": { "line": 64, "column": 30 },
                    "end": { "line": 64, "column": 33 }
                },
                "loc": {
                    "start": { "line": 64, "column": 35 },
                    "end": { "line": 67, "column": 5 }
                }
            },
            "3": {
                "name": "(anonymous_3)",
                "decl": {
                    "start": { "line": 70, "column": 14 },
                    "end": { "line": 70, "column": 17 }
                },
                "loc": {
                    "start": { "line": 70, "column": 19 },
                    "end": { "line": 74, "column": 5 }
                }
            },
            "4": {
                "name": "(anonymous_4)",
                "decl": {
                    "start": { "line": 71, "column": 15 },
                    "end": { "line": 71, "column": 18 }
                },
                "loc": {
                    "start": { "line": 71, "column": 20 },
                    "end": { "line": 73, "column": 9 }
                }
            },
            "5": {
                "name": "(anonymous_5)",
                "decl": {
                    "start": { "line": 77, "column": 14 },
                    "end": { "line": 77, "column": 17 }
                },
                "loc": {
                    "start": { "line": 77, "column": 19 },
                    "end": { "line": 81, "column": 5 }
                }
            }
        },
        "branchMap": {
            "0": {
                "loc": {
                    "start": { "line": 39, "column": 4 },
                    "end": { "line": 39, "column": 30 }
                },
                "type": "default-arg",
                "locations": [
                    {
                        "start": { "line": 39, "column": 25 },
                        "end": { "line": 39, "column": 30 }
                    }
                ]
            },
            "1": {
                "loc": {
                    "start": { "line": 53, "column": 16 },
                    "end": { "line": 53, "column": 55 }
                },
                "type": "if",
                "locations": [
                    {
                        "start": { "line": 53, "column": 16 },
                        "end": { "line": 53, "column": 55 }
                    },
                    { "start": {}, "end": {} }
                ]
            },
            "2": {
                "loc": {
                    "start": { "line": 56, "column": 16 },
                    "end": { "line": 56, "column": 58 }
                },
                "type": "if",
                "locations": [
                    {
                        "start": { "line": 56, "column": 16 },
                        "end": { "line": 56, "column": 58 }
                    },
                    { "start": {}, "end": {} }
                ]
            },
            "3": {
                "loc": {
                    "start": { "line": 58, "column": 16 },
                    "end": { "line": 58, "column": 59 }
                },
                "type": "if",
                "locations": [
                    {
                        "start": { "line": 58, "column": 16 },
                        "end": { "line": 58, "column": 59 }
                    },
                    { "start": {}, "end": {} }
                ]
            },
            "4": {
                "loc": {
                    "start": { "line": 78, "column": 8 },
                    "end": { "line": 80, "column": 9 }
                },
                "type": "if",
                "locations": [
                    {
                        "start": { "line": 78, "column": 8 },
                        "end": { "line": 80, "column": 9 }
                    },
                    { "start": {}, "end": {} }
                ]
            }
        },
        "s": {
            "0": 1,
            "1": 1,
            "2": 13,
            "3": 13,
            "4": 13,
            "5": 13,
            "6": 13,
            "7": 5,
            "8": 5,
            "9": 5,
            "10": 5,
            "11": 4,
            "12": 4,
            "13": 4,
            "14": 1,
            "15": 1,
            "16": 5,
            "17": 5,
            "18": 13,
            "19": 1,
            "20": 1,
            "21": 13,
            "22": 5,
            "23": 5,
            "24": 13,
            "25": 5,
            "26": 1,
            "27": 13,
            "28": 1
        },
        "f": { "0": 13, "1": 5, "2": 1, "3": 5, "4": 5, "5": 5 },
        "b": { "0": [0], "1": [4, 0], "2": [1, 0], "3": [5, 0], "4": [1, 4] }
    },
    "/Users/shakir/Documents/MyProjects/react-handyhooks/src/hooks/useBoolean.ts": {
        "path": "/Users/shakir/Documents/MyProjects/react-handyhooks/src/hooks/useBoolean.ts",
        "statementMap": {
            "0": {
                "start": { "line": 38, "column": 0 },
                "end": { "line": 38, "column": 16 }
            },
            "1": {
                "start": { "line": 14, "column": 0 },
                "end": { "line": 14, "column": 46 }
            },
            "2": {
                "start": { "line": 39, "column": 30 },
                "end": { "line": 39, "column": 61 }
            },
            "3": {
                "start": { "line": 41, "column": 20 },
                "end": { "line": 41, "column": 57 }
            },
            "4": {
                "start": { "line": 41, "column": 38 },
                "end": { "line": 41, "column": 52 }
            },
            "5": {
                "start": { "line": 42, "column": 21 },
                "end": { "line": 42, "column": 59 }
            },
            "6": {
                "start": { "line": 42, "column": 39 },
                "end": { "line": 42, "column": 54 }
            },
            "7": {
                "start": { "line": 43, "column": 19 },
                "end": { "line": 43, "column": 67 }
            },
            "8": {
                "start": { "line": 43, "column": 37 },
                "end": { "line": 43, "column": 62 }
            },
            "9": {
                "start": { "line": 43, "column": 56 },
                "end": { "line": 43, "column": 61 }
            },
            "10": {
                "start": { "line": 45, "column": 4 },
                "end": { "line": 45, "column": 58 }
            },
            "11": {
                "start": { "line": 48, "column": 0 },
                "end": { "line": 48, "column": 26 }
            }
        },
        "fnMap": {
            "0": {
                "name": "useBoolean",
                "decl": {
                    "start": { "line": 38, "column": 16 },
                    "end": { "line": 38, "column": 26 }
                },
                "loc": {
                    "start": { "line": 38, "column": 56 },
                    "end": { "line": 46, "column": 1 }
                }
            },
            "1": {
                "name": "(anonymous_1)",
                "decl": {
                    "start": { "line": 41, "column": 32 },
                    "end": { "line": 41, "column": 35 }
                },
                "loc": {
                    "start": { "line": 41, "column": 38 },
                    "end": { "line": 41, "column": 52 }
                }
            },
            "2": {
                "name": "(anonymous_2)",
                "decl": {
                    "start": { "line": 42, "column": 33 },
                    "end": { "line": 42, "column": 36 }
                },
                "loc": {
                    "start": { "line": 42, "column": 39 },
                    "end": { "line": 42, "column": 54 }
                }
            },
            "3": {
                "name": "(anonymous_3)",
                "decl": {
                    "start": { "line": 43, "column": 31 },
                    "end": { "line": 43, "column": 34 }
                },
                "loc": {
                    "start": { "line": 43, "column": 37 },
                    "end": { "line": 43, "column": 62 }
                }
            },
            "4": {
                "name": "(anonymous_4)",
                "decl": {
                    "start": { "line": 43, "column": 46 },
                    "end": { "line": 43, "column": 47 }
                },
                "loc": {
                    "start": { "line": 43, "column": 56 },
                    "end": { "line": 43, "column": 61 }
                }
            }
        },
        "branchMap": {
            "0": {
                "loc": {
                    "start": { "line": 38, "column": 27 },
                    "end": { "line": 38, "column": 56 }
                },
                "type": "default-arg",
                "locations": [
                    {
                        "start": { "line": 38, "column": 51 },
                        "end": { "line": 38, "column": 56 }
                    }
                ]
            }
        },
        "s": {
            "0": 1,
            "1": 1,
            "2": 9,
            "3": 9,
            "4": 1,
            "5": 9,
            "6": 1,
            "7": 9,
            "8": 2,
            "9": 2,
            "10": 9,
            "11": 1
        },
        "f": { "0": 9, "1": 1, "2": 1, "3": 2, "4": 2 },
        "b": { "0": [1] }
    },
    "/Users/shakir/Documents/MyProjects/react-handyhooks/src/hooks/useClickOutside.ts": {
        "path": "/Users/shakir/Documents/MyProjects/react-handyhooks/src/hooks/useClickOutside.ts",
        "statementMap": {
            "0": {
                "start": { "line": 21, "column": 0 },
                "end": { "line": 21, "column": 16 }
            },
            "1": {
                "start": { "line": 12, "column": 0 },
                "end": { "line": 12, "column": 34 }
            },
            "2": {
                "start": { "line": 26, "column": 4 },
                "end": { "line": 38, "column": 34 }
            },
            "3": {
                "start": { "line": 27, "column": 25 },
                "end": { "line": 32, "column": 9 }
            },
            "4": {
                "start": { "line": 28, "column": 23 },
                "end": { "line": 28, "column": 35 }
            },
            "5": {
                "start": { "line": 30, "column": 12 },
                "end": { "line": 30, "column": 65 }
            },
            "6": {
                "start": { "line": 30, "column": 58 },
                "end": { "line": 30, "column": 65 }
            },
            "7": {
                "start": { "line": 31, "column": 12 },
                "end": { "line": 31, "column": 27 }
            },
            "8": {
                "start": { "line": 34, "column": 8 },
                "end": { "line": 34, "column": 61 }
            },
            "9": {
                "start": { "line": 35, "column": 8 },
                "end": { "line": 37, "column": 10 }
            },
            "10": {
                "start": { "line": 36, "column": 12 },
                "end": { "line": 36, "column": 68 }
            },
            "11": {
                "start": { "line": 41, "column": 0 },
                "end": { "line": 41, "column": 31 }
            }
        },
        "fnMap": {
            "0": {
                "name": "useClickOutside",
                "decl": {
                    "start": { "line": 21, "column": 16 },
                    "end": { "line": 21, "column": 31 }
                },
                "loc": {
                    "start": { "line": 24, "column": 77 },
                    "end": { "line": 39, "column": 1 }
                }
            },
            "1": {
                "name": "(anonymous_1)",
                "decl": {
                    "start": { "line": 26, "column": 14 },
                    "end": { "line": 26, "column": 17 }
                },
                "loc": {
                    "start": { "line": 26, "column": 19 },
                    "end": { "line": 38, "column": 5 }
                }
            },
            "2": {
                "name": "(anonymous_2)",
                "decl": {
                    "start": { "line": 27, "column": 25 },
                    "end": { "line": 27, "column": 26 }
                },
                "loc": {
                    "start": { "line": 27, "column": 60 },
                    "end": { "line": 32, "column": 9 }
                }
            },
            "3": {
                "name": "(anonymous_3)",
                "decl": {
                    "start": { "line": 35, "column": 15 },
                    "end": { "line": 35, "column": 18 }
                },
                "loc": {
                    "start": { "line": 35, "column": 20 },
                    "end": { "line": 37, "column": 9 }
                }
            }
        },
        "branchMap": {
            "0": {
                "loc": {
                    "start": { "line": 24, "column": 4 },
                    "end": { "line": 24, "column": 77 }
                },
                "type": "default-arg",
                "locations": [
                    {
                        "start": { "line": 24, "column": 66 },
                        "end": { "line": 24, "column": 77 }
                    }
                ]
            },
            "1": {
                "loc": {
                    "start": { "line": 30, "column": 12 },
                    "end": { "line": 30, "column": 65 }
                },
                "type": "if",
                "locations": [
                    {
                        "start": { "line": 30, "column": 12 },
                        "end": { "line": 30, "column": 65 }
                    },
                    { "start": {}, "end": {} }
                ]
            },
            "2": {
                "loc": {
                    "start": { "line": 30, "column": 16 },
                    "end": { "line": 30, "column": 56 }
                },
                "type": "binary-expr",
                "locations": [
                    {
                        "start": { "line": 30, "column": 16 },
                        "end": { "line": 30, "column": 19 }
                    },
                    {
                        "start": { "line": 30, "column": 23 },
                        "end": { "line": 30, "column": 56 }
                    }
                ]
            }
        },
        "s": {
            "0": 1,
            "1": 1,
            "2": 4,
            "3": 4,
            "4": 4,
            "5": 4,
            "6": 2,
            "7": 2,
            "8": 4,
            "9": 4,
            "10": 4,
            "11": 1
        },
        "f": { "0": 4, "1": 4, "2": 4, "3": 4 },
        "b": { "0": [3], "1": [2, 2], "2": [4, 3] }
    },
    "/Users/shakir/Documents/MyProjects/react-handyhooks/src/hooks/useCopyToClipboard.ts": {
        "path": "/Users/shakir/Documents/MyProjects/react-handyhooks/src/hooks/useCopyToClipboard.ts",
        "statementMap": {
            "0": {
                "start": { "line": 34, "column": 0 },
                "end": { "line": 34, "column": 16 }
            },
            "1": {
                "start": { "line": 13, "column": 0 },
                "end": { "line": 13, "column": 46 }
            },
            "2": {
                "start": { "line": 35, "column": 30 },
                "end": { "line": 35, "column": 59 }
            },
            "3": {
                "start": { "line": 36, "column": 34 },
                "end": { "line": 36, "column": 49 }
            },
            "4": {
                "start": { "line": 38, "column": 17 },
                "end": { "line": 68, "column": 10 }
            },
            "5": {
                "start": { "line": 39, "column": 8 },
                "end": { "line": 42, "column": 9 }
            },
            "6": {
                "start": { "line": 40, "column": 12 },
                "end": { "line": 40, "column": 30 }
            },
            "7": {
                "start": { "line": 41, "column": 12 },
                "end": { "line": 41, "column": 25 }
            },
            "8": {
                "start": { "line": 44, "column": 8 },
                "end": { "line": 67, "column": 9 }
            },
            "9": {
                "start": { "line": 45, "column": 12 },
                "end": { "line": 58, "column": 13 }
            },
            "10": {
                "start": { "line": 46, "column": 16 },
                "end": { "line": 46, "column": 58 }
            },
            "11": {
                "start": { "line": 49, "column": 33 },
                "end": { "line": 49, "column": 67 }
            },
            "12": {
                "start": { "line": 50, "column": 16 },
                "end": { "line": 50, "column": 38 }
            },
            "13": {
                "start": { "line": 51, "column": 16 },
                "end": { "line": 51, "column": 50 }
            },
            "14": {
                "start": { "line": 52, "column": 16 },
                "end": { "line": 52, "column": 45 }
            },
            "15": {
                "start": { "line": 53, "column": 16 },
                "end": { "line": 53, "column": 52 }
            },
            "16": {
                "start": { "line": 54, "column": 16 },
                "end": { "line": 54, "column": 33 }
            },
            "17": {
                "start": { "line": 55, "column": 16 },
                "end": { "line": 55, "column": 34 }
            },
            "18": {
                "start": { "line": 56, "column": 16 },
                "end": { "line": 56, "column": 45 }
            },
            "19": {
                "start": { "line": 57, "column": 16 },
                "end": { "line": 57, "column": 52 }
            },
            "20": {
                "start": { "line": 60, "column": 12 },
                "end": { "line": 60, "column": 27 }
            },
            "21": {
                "start": { "line": 61, "column": 12 },
                "end": { "line": 61, "column": 29 }
            },
            "22": {
                "start": { "line": 62, "column": 12 },
                "end": { "line": 62, "column": 24 }
            },
            "23": {
                "start": { "line": 64, "column": 12 },
                "end": { "line": 64, "column": 52 }
            },
            "24": {
                "start": { "line": 65, "column": 12 },
                "end": { "line": 65, "column": 30 }
            },
            "25": {
                "start": { "line": 66, "column": 12 },
                "end": { "line": 66, "column": 25 }
            },
            "26": {
                "start": { "line": 70, "column": 18 },
                "end": { "line": 73, "column": 10 }
            },
            "27": {
                "start": { "line": 71, "column": 8 },
                "end": { "line": 71, "column": 23 }
            },
            "28": {
                "start": { "line": 72, "column": 8 },
                "end": { "line": 72, "column": 26 }
            },
            "29": {
                "start": { "line": 75, "column": 4 },
                "end": { "line": 75, "column": 43 }
            },
            "30": {
                "start": { "line": 78, "column": 0 },
                "end": { "line": 78, "column": 34 }
            }
        },
        "fnMap": {
            "0": {
                "name": "useCopyToClipboard",
                "decl": {
                    "start": { "line": 34, "column": 16 },
                    "end": { "line": 34, "column": 34 }
                },
                "loc": {
                    "start": { "line": 34, "column": 34 },
                    "end": { "line": 76, "column": 1 }
                }
            },
            "1": {
                "name": "(anonymous_1)",
                "decl": {
                    "start": { "line": 38, "column": 29 },
                    "end": { "line": 38, "column": 34 }
                },
                "loc": {
                    "start": { "line": 38, "column": 70 },
                    "end": { "line": 68, "column": 5 }
                }
            },
            "2": {
                "name": "(anonymous_2)",
                "decl": {
                    "start": { "line": 70, "column": 30 },
                    "end": { "line": 70, "column": 33 }
                },
                "loc": {
                    "start": { "line": 70, "column": 35 },
                    "end": { "line": 73, "column": 5 }
                }
            }
        },
        "branchMap": {
            "0": {
                "loc": {
                    "start": { "line": 39, "column": 8 },
                    "end": { "line": 42, "column": 9 }
                },
                "type": "if",
                "locations": [
                    {
                        "start": { "line": 39, "column": 8 },
                        "end": { "line": 42, "column": 9 }
                    },
                    { "start": {}, "end": {} }
                ]
            },
            "1": {
                "loc": {
                    "start": { "line": 45, "column": 12 },
                    "end": { "line": 58, "column": 13 }
                },
                "type": "if",
                "locations": [
                    {
                        "start": { "line": 45, "column": 12 },
                        "end": { "line": 58, "column": 13 }
                    },
                    {
                        "start": { "line": 47, "column": 19 },
                        "end": { "line": 58, "column": 13 }
                    }
                ]
            },
            "2": {
                "loc": {
                    "start": { "line": 45, "column": 16 },
                    "end": { "line": 45, "column": 68 }
                },
                "type": "binary-expr",
                "locations": [
                    {
                        "start": { "line": 45, "column": 16 },
                        "end": { "line": 45, "column": 35 }
                    },
                    {
                        "start": { "line": 45, "column": 39 },
                        "end": { "line": 45, "column": 68 }
                    }
                ]
            }
        },
        "s": {
            "0": 1,
            "1": 1,
            "2": 8,
            "3": 8,
            "4": 8,
            "5": 4,
            "6": 1,
            "7": 1,
            "8": 3,
            "9": 3,
            "10": 2,
            "11": 1,
            "12": 1,
            "13": 1,
            "14": 1,
            "15": 1,
            "16": 1,
            "17": 1,
            "18": 1,
            "19": 1,
            "20": 3,
            "21": 3,
            "22": 3,
            "23": 0,
            "24": 0,
            "25": 0,
            "26": 8,
            "27": 1,
            "28": 1,
            "29": 8,
            "30": 1
        },
        "f": { "0": 8, "1": 4, "2": 1 },
        "b": { "0": [1, 3], "1": [2, 1], "2": [3, 2] }
    },
    "/Users/shakir/Documents/MyProjects/react-handyhooks/src/hooks/useCounter.ts": {
        "path": "/Users/shakir/Documents/MyProjects/react-handyhooks/src/hooks/useCounter.ts",
        "statementMap": {
            "0": {
                "start": { "line": 44, "column": 0 },
                "end": { "line": 44, "column": 16 }
            },
            "1": {
                "start": { "line": 13, "column": 0 },
                "end": { "line": 13, "column": 46 }
            },
            "2": {
                "start": { "line": 48, "column": 35 },
                "end": { "line": 48, "column": 42 }
            },
            "3": {
                "start": { "line": 49, "column": 30 },
                "end": { "line": 49, "column": 60 }
            },
            "4": {
                "start": { "line": 51, "column": 22 },
                "end": { "line": 57, "column": 19 }
            },
            "5": {
                "start": { "line": 52, "column": 8 },
                "end": { "line": 56, "column": 11 }
            },
            "6": {
                "start": { "line": 53, "column": 25 },
                "end": { "line": 53, "column": 36 }
            },
            "7": {
                "start": { "line": 54, "column": 12 },
                "end": { "line": 54, "column": 60 }
            },
            "8": {
                "start": { "line": 54, "column": 49 },
                "end": { "line": 54, "column": 60 }
            },
            "9": {
                "start": { "line": 55, "column": 12 },
                "end": { "line": 55, "column": 24 }
            },
            "10": {
                "start": { "line": 59, "column": 22 },
                "end": { "line": 65, "column": 19 }
            },
            "11": {
                "start": { "line": 60, "column": 8 },
                "end": { "line": 64, "column": 11 }
            },
            "12": {
                "start": { "line": 61, "column": 25 },
                "end": { "line": 61, "column": 36 }
            },
            "13": {
                "start": { "line": 62, "column": 12 },
                "end": { "line": 62, "column": 60 }
            },
            "14": {
                "start": { "line": 62, "column": 49 },
                "end": { "line": 62, "column": 60 }
            },
            "15": {
                "start": { "line": 63, "column": 12 },
                "end": { "line": 63, "column": 24 }
            },
            "16": {
                "start": { "line": 67, "column": 18 },
                "end": { "line": 67, "column": 75 }
            },
            "17": {
                "start": { "line": 67, "column": 36 },
                "end": { "line": 67, "column": 58 }
            },
            "18": {
                "start": { "line": 68, "column": 16 },
                "end": { "line": 68, "column": 67 }
            },
            "19": {
                "start": { "line": 68, "column": 47 },
                "end": { "line": 68, "column": 62 }
            },
            "20": {
                "start": { "line": 70, "column": 4 },
                "end": { "line": 70, "column": 55 }
            },
            "21": {
                "start": { "line": 73, "column": 0 },
                "end": { "line": 73, "column": 26 }
            }
        },
        "fnMap": {
            "0": {
                "name": "useCounter",
                "decl": {
                    "start": { "line": 44, "column": 16 },
                    "end": { "line": 44, "column": 26 }
                },
                "loc": {
                    "start": { "line": 46, "column": 35 },
                    "end": { "line": 71, "column": 1 }
                }
            },
            "1": {
                "name": "(anonymous_1)",
                "decl": {
                    "start": { "line": 51, "column": 34 },
                    "end": { "line": 51, "column": 37 }
                },
                "loc": {
                    "start": { "line": 51, "column": 39 },
                    "end": { "line": 57, "column": 5 }
                }
            },
            "2": {
                "name": "(anonymous_2)",
                "decl": {
                    "start": { "line": 52, "column": 17 },
                    "end": { "line": 52, "column": 18 }
                },
                "loc": {
                    "start": { "line": 52, "column": 26 },
                    "end": { "line": 56, "column": 9 }
                }
            },
            "3": {
                "name": "(anonymous_3)",
                "decl": {
                    "start": { "line": 59, "column": 34 },
                    "end": { "line": 59, "column": 37 }
                },
                "loc": {
                    "start": { "line": 59, "column": 39 },
                    "end": { "line": 65, "column": 5 }
                }
            },
            "4": {
                "name": "(anonymous_4)",
                "decl": {
                    "start": { "line": 60, "column": 17 },
                    "end": { "line": 60, "column": 18 }
                },
                "loc": {
                    "start": { "line": 60, "column": 26 },
                    "end": { "line": 64, "column": 9 }
                }
            },
            "5": {
                "name": "(anonymous_5)",
                "decl": {
                    "start": { "line": 67, "column": 30 },
                    "end": { "line": 67, "column": 33 }
                },
                "loc": {
                    "start": { "line": 67, "column": 36 },
                    "end": { "line": 67, "column": 58 }
                }
            },
            "6": {
                "name": "(anonymous_6)",
                "decl": {
                    "start": { "line": 68, "column": 28 },
                    "end": { "line": 68, "column": 29 }
                },
                "loc": {
                    "start": { "line": 68, "column": 47 },
                    "end": { "line": 68, "column": 62 }
                }
            }
        },
        "branchMap": {
            "0": {
                "loc": {
                    "start": { "line": 45, "column": 4 },
                    "end": { "line": 45, "column": 28 }
                },
                "type": "default-arg",
                "locations": [
                    {
                        "start": { "line": 45, "column": 27 },
                        "end": { "line": 45, "column": 28 }
                    }
                ]
            },
            "1": {
                "loc": {
                    "start": { "line": 46, "column": 4 },
                    "end": { "line": 46, "column": 35 }
                },
                "type": "default-arg",
                "locations": [
                    {
                        "start": { "line": 46, "column": 33 },
                        "end": { "line": 46, "column": 35 }
                    }
                ]
            },
            "2": {
                "loc": {
                    "start": { "line": 48, "column": 22 },
                    "end": { "line": 48, "column": 30 }
                },
                "type": "default-arg",
                "locations": [
                    {
                        "start": { "line": 48, "column": 29 },
                        "end": { "line": 48, "column": 30 }
                    }
                ]
            },
            "3": {
                "loc": {
                    "start": { "line": 54, "column": 12 },
                    "end": { "line": 54, "column": 60 }
                },
                "type": "if",
                "locations": [
                    {
                        "start": { "line": 54, "column": 12 },
                        "end": { "line": 54, "column": 60 }
                    },
                    { "start": {}, "end": {} }
                ]
            },
            "4": {
                "loc": {
                    "start": { "line": 54, "column": 16 },
                    "end": { "line": 54, "column": 47 }
                },
                "type": "binary-expr",
                "locations": [
                    {
                        "start": { "line": 54, "column": 16 },
                        "end": { "line": 54, "column": 33 }
                    },
                    {
                        "start": { "line": 54, "column": 37 },
                        "end": { "line": 54, "column": 47 }
                    }
                ]
            },
            "5": {
                "loc": {
                    "start": { "line": 62, "column": 12 },
                    "end": { "line": 62, "column": 60 }
                },
                "type": "if",
                "locations": [
                    {
                        "start": { "line": 62, "column": 12 },
                        "end": { "line": 62, "column": 60 }
                    },
                    { "start": {}, "end": {} }
                ]
            },
            "6": {
                "loc": {
                    "start": { "line": 62, "column": 16 },
                    "end": { "line": 62, "column": 47 }
                },
                "type": "binary-expr",
                "locations": [
                    {
                        "start": { "line": 62, "column": 16 },
                        "end": { "line": 62, "column": 33 }
                    },
                    {
                        "start": { "line": 62, "column": 37 },
                        "end": { "line": 62, "column": 47 }
                    }
                ]
            }
        },
        "s": {
            "0": 1,
            "1": 1,
            "2": 15,
            "3": 15,
            "4": 15,
            "5": 6,
            "6": 6,
            "7": 6,
            "8": 1,
            "9": 5,
            "10": 15,
            "11": 6,
            "12": 6,
            "13": 6,
            "14": 0,
            "15": 6,
            "16": 15,
            "17": 1,
            "18": 15,
            "19": 1,
            "20": 15,
            "21": 1
        },
        "f": { "0": 15, "1": 6, "2": 6, "3": 6, "4": 6, "5": 1, "6": 1 },
        "b": {
            "0": [0],
            "1": [0],
            "2": [12],
            "3": [1, 5],
            "4": [6, 3],
            "5": [0, 6],
            "6": [6, 4]
        }
    },
    "/Users/shakir/Documents/MyProjects/react-handyhooks/src/hooks/useDarkMode.ts": {
        "path": "/Users/shakir/Documents/MyProjects/react-handyhooks/src/hooks/useDarkMode.ts",
        "statementMap": {
            "0": {
                "start": { "line": 33, "column": 0 },
                "end": { "line": 33, "column": 16 }
            },
            "1": {
                "start": { "line": 13, "column": 0 },
                "end": { "line": 13, "column": 57 }
            },
            "2": {
                "start": { "line": 37, "column": 32 },
                "end": { "line": 41, "column": 5 }
            },
            "3": {
                "start": { "line": 38, "column": 8 },
                "end": { "line": 39, "column": 32 }
            },
            "4": {
                "start": { "line": 39, "column": 12 },
                "end": { "line": 39, "column": 32 }
            },
            "5": {
                "start": { "line": 40, "column": 8 },
                "end": { "line": 40, "column": 73 }
            },
            "6": {
                "start": { "line": 43, "column": 28 },
                "end": { "line": 48, "column": 5 }
            },
            "7": {
                "start": { "line": 44, "column": 8 },
                "end": { "line": 44, "column": 63 }
            },
            "8": {
                "start": { "line": 44, "column": 43 },
                "end": { "line": 44, "column": 63 }
            },
            "9": {
                "start": { "line": 45, "column": 23 },
                "end": { "line": 45, "column": 55 }
            },
            "10": {
                "start": { "line": 46, "column": 8 },
                "end": { "line": 46, "column": 54 }
            },
            "11": {
                "start": { "line": 46, "column": 29 },
                "end": { "line": 46, "column": 54 }
            },
            "12": {
                "start": { "line": 47, "column": 8 },
                "end": { "line": 47, "column": 37 }
            },
            "13": {
                "start": { "line": 50, "column": 40 },
                "end": { "line": 50, "column": 74 }
            },
            "14": {
                "start": { "line": 53, "column": 4 },
                "end": { "line": 62, "column": 33 }
            },
            "15": {
                "start": { "line": 54, "column": 21 },
                "end": { "line": 54, "column": 52 }
            },
            "16": {
                "start": { "line": 55, "column": 8 },
                "end": { "line": 61, "column": 9 }
            },
            "17": {
                "start": { "line": 56, "column": 12 },
                "end": { "line": 56, "column": 39 }
            },
            "18": {
                "start": { "line": 57, "column": 12 },
                "end": { "line": 57, "column": 53 }
            },
            "19": {
                "start": { "line": 59, "column": 12 },
                "end": { "line": 59, "column": 42 }
            },
            "20": {
                "start": { "line": 60, "column": 12 },
                "end": { "line": 60, "column": 54 }
            },
            "21": {
                "start": { "line": 65, "column": 4 },
                "end": { "line": 72, "column": 11 }
            },
            "22": {
                "start": { "line": 66, "column": 27 },
                "end": { "line": 66, "column": 76 }
            },
            "23": {
                "start": { "line": 67, "column": 24 },
                "end": { "line": 68, "column": 40 }
            },
            "24": {
                "start": { "line": 68, "column": 12 },
                "end": { "line": 68, "column": 40 }
            },
            "25": {
                "start": { "line": 70, "column": 8 },
                "end": { "line": 70, "column": 55 }
            },
            "26": {
                "start": { "line": 71, "column": 8 },
                "end": { "line": 71, "column": 71 }
            },
            "27": {
                "start": { "line": 71, "column": 21 },
                "end": { "line": 71, "column": 70 }
            },
            "28": {
                "start": { "line": 74, "column": 19 },
                "end": { "line": 74, "column": 61 }
            },
            "29": {
                "start": { "line": 74, "column": 37 },
                "end": { "line": 74, "column": 56 }
            },
            "30": {
                "start": { "line": 75, "column": 20 },
                "end": { "line": 75, "column": 63 }
            },
            "31": {
                "start": { "line": 75, "column": 38 },
                "end": { "line": 75, "column": 58 }
            },
            "32": {
                "start": { "line": 76, "column": 19 },
                "end": { "line": 76, "column": 72 }
            },
            "33": {
                "start": { "line": 76, "column": 37 },
                "end": { "line": 76, "column": 67 }
            },
            "34": {
                "start": { "line": 76, "column": 61 },
                "end": { "line": 76, "column": 66 }
            },
            "35": {
                "start": { "line": 78, "column": 4 },
                "end": { "line": 78, "column": 51 }
            },
            "36": {
                "start": { "line": 81, "column": 0 },
                "end": { "line": 81, "column": 27 }
            }
        },
        "fnMap": {
            "0": {
                "name": "useDarkMode",
                "decl": {
                    "start": { "line": 33, "column": 16 },
                    "end": { "line": 33, "column": 27 }
                },
                "loc": {
                    "start": { "line": 35, "column": 33 },
                    "end": { "line": 79, "column": 1 }
                }
            },
            "1": {
                "name": "(anonymous_1)",
                "decl": {
                    "start": { "line": 37, "column": 32 },
                    "end": { "line": 37, "column": 44 }
                },
                "loc": {
                    "start": { "line": 37, "column": 46 },
                    "end": { "line": 41, "column": 5 }
                }
            },
            "2": {
                "name": "(anonymous_2)",
                "decl": {
                    "start": { "line": 43, "column": 28 },
                    "end": { "line": 43, "column": 40 }
                },
                "loc": {
                    "start": { "line": 43, "column": 42 },
                    "end": { "line": 48, "column": 5 }
                }
            },
            "3": {
                "name": "(anonymous_3)",
                "decl": {
                    "start": { "line": 53, "column": 14 },
                    "end": { "line": 53, "column": 17 }
                },
                "loc": {
                    "start": { "line": 53, "column": 19 },
                    "end": { "line": 62, "column": 5 }
                }
            },
            "4": {
                "name": "(anonymous_4)",
                "decl": {
                    "start": { "line": 65, "column": 14 },
                    "end": { "line": 65, "column": 17 }
                },
                "loc": {
                    "start": { "line": 65, "column": 19 },
                    "end": { "line": 72, "column": 5 }
                }
            },
            "5": {
                "name": "(anonymous_5)",
                "decl": {
                    "start": { "line": 67, "column": 24 },
                    "end": { "line": 67, "column": 25 }
                },
                "loc": {
                    "start": { "line": 68, "column": 12 },
                    "end": { "line": 68, "column": 40 }
                }
            },
            "6": {
                "name": "(anonymous_6)",
                "decl": {
                    "start": { "line": 71, "column": 15 },
                    "end": { "line": 71, "column": 18 }
                },
                "loc": {
                    "start": { "line": 71, "column": 21 },
                    "end": { "line": 71, "column": 70 }
                }
            },
            "7": {
                "name": "(anonymous_7)",
                "decl": {
                    "start": { "line": 74, "column": 31 },
                    "end": { "line": 74, "column": 34 }
                },
                "loc": {
                    "start": { "line": 74, "column": 37 },
                    "end": { "line": 74, "column": 56 }
                }
            },
            "8": {
                "name": "(anonymous_8)",
                "decl": {
                    "start": { "line": 75, "column": 32 },
                    "end": { "line": 75, "column": 35 }
                },
                "loc": {
                    "start": { "line": 75, "column": 38 },
                    "end": { "line": 75, "column": 58 }
                }
            },
            "9": {
                "name": "(anonymous_9)",
                "decl": {
                    "start": { "line": 76, "column": 31 },
                    "end": { "line": 76, "column": 34 }
                },
                "loc": {
                    "start": { "line": 76, "column": 37 },
                    "end": { "line": 76, "column": 67 }
                }
            },
            "10": {
                "name": "(anonymous_10)",
                "decl": {
                    "start": { "line": 76, "column": 51 },
                    "end": { "line": 76, "column": 52 }
                },
                "loc": {
                    "start": { "line": 76, "column": 61 },
                    "end": { "line": 76, "column": 66 }
                }
            }
        },
        "branchMap": {
            "0": {
                "loc": {
                    "start": { "line": 34, "column": 4 },
                    "end": { "line": 34, "column": 32 }
                },
                "type": "default-arg",
                "locations": [
                    {
                        "start": { "line": 34, "column": 25 },
                        "end": { "line": 34, "column": 32 }
                    }
                ]
            },
            "1": {
                "loc": {
                    "start": { "line": 35, "column": 4 },
                    "end": { "line": 35, "column": 33 }
                },
                "type": "default-arg",
                "locations": [
                    {
                        "start": { "line": 35, "column": 28 },
                        "end": { "line": 35, "column": 33 }
                    }
                ]
            },
            "2": {
                "loc": {
                    "start": { "line": 38, "column": 8 },
                    "end": { "line": 39, "column": 32 }
                },
                "type": "if",
                "locations": [
                    {
                        "start": { "line": 38, "column": 8 },
                        "end": { "line": 39, "column": 32 }
                    },
                    { "start": {}, "end": {} }
                ]
            },
            "3": {
                "loc": {
                    "start": { "line": 38, "column": 12 },
                    "end": { "line": 38, "column": 63 }
                },
                "type": "binary-expr",
                "locations": [
                    {
                        "start": { "line": 38, "column": 12 },
                        "end": { "line": 38, "column": 41 }
                    },
                    {
                        "start": { "line": 38, "column": 45 },
                        "end": { "line": 38, "column": 63 }
                    }
                ]
            },
            "4": {
                "loc": {
                    "start": { "line": 44, "column": 8 },
                    "end": { "line": 44, "column": 63 }
                },
                "type": "if",
                "locations": [
                    {
                        "start": { "line": 44, "column": 8 },
                        "end": { "line": 44, "column": 63 }
                    },
                    { "start": {}, "end": {} }
                ]
            },
            "5": {
                "loc": {
                    "start": { "line": 46, "column": 8 },
                    "end": { "line": 46, "column": 54 }
                },
                "type": "if",
                "locations": [
                    {
                        "start": { "line": 46, "column": 8 },
                        "end": { "line": 46, "column": 54 }
                    },
                    { "start": {}, "end": {} }
                ]
            },
            "6": {
                "loc": {
                    "start": { "line": 55, "column": 8 },
                    "end": { "line": 61, "column": 9 }
                },
                "type": "if",
                "locations": [
                    {
                        "start": { "line": 55, "column": 8 },
                        "end": { "line": 61, "column": 9 }
                    },
                    {
                        "start": { "line": 58, "column": 15 },
                        "end": { "line": 61, "column": 9 }
                    }
                ]
            }
        },
        "s": {
            "0": 1,
            "1": 1,
            "2": 7,
            "3": 3,
            "4": 0,
            "5": 3,
            "6": 7,
            "7": 5,
            "8": 0,
            "9": 5,
            "10": 5,
            "11": 2,
            "12": 3,
            "13": 7,
            "14": 7,
            "15": 7,
            "16": 7,
            "17": 4,
            "18": 4,
            "19": 3,
            "20": 3,
            "21": 7,
            "22": 5,
            "23": 5,
            "24": 1,
            "25": 5,
            "26": 5,
            "27": 5,
            "28": 7,
            "29": 1,
            "30": 7,
            "31": 1,
            "32": 7,
            "33": 0,
            "34": 0,
            "35": 7,
            "36": 1
        },
        "f": {
            "0": 7,
            "1": 3,
            "2": 5,
            "3": 7,
            "4": 5,
            "5": 1,
            "6": 5,
            "7": 1,
            "8": 1,
            "9": 0,
            "10": 0
        },
        "b": {
            "0": [7],
            "1": [7],
            "2": [0, 3],
            "3": [3, 3],
            "4": [0, 5],
            "5": [2, 3],
            "6": [4, 3]
        }
    },
    "/Users/shakir/Documents/MyProjects/react-handyhooks/src/hooks/useDebounce.ts": {
        "path": "/Users/shakir/Documents/MyProjects/react-handyhooks/src/hooks/useDebounce.ts",
        "statementMap": {
            "0": {
                "start": { "line": 26, "column": 0 },
                "end": { "line": 26, "column": 16 }
            },
            "1": {
                "start": { "line": 17, "column": 0 },
                "end": { "line": 17, "column": 44 }
            },
            "2": {
                "start": { "line": 27, "column": 48 },
                "end": { "line": 27, "column": 66 }
            },
            "3": {
                "start": { "line": 29, "column": 4 },
                "end": { "line": 39, "column": 23 }
            },
            "4": {
                "start": { "line": 31, "column": 24 },
                "end": { "line": 33, "column": 17 }
            },
            "5": {
                "start": { "line": 32, "column": 12 },
                "end": { "line": 32, "column": 37 }
            },
            "6": {
                "start": { "line": 36, "column": 8 },
                "end": { "line": 38, "column": 10 }
            },
            "7": {
                "start": { "line": 37, "column": 12 },
                "end": { "line": 37, "column": 34 }
            },
            "8": {
                "start": { "line": 41, "column": 4 },
                "end": { "line": 41, "column": 26 }
            },
            "9": {
                "start": { "line": 44, "column": 0 },
                "end": { "line": 44, "column": 27 }
            }
        },
        "fnMap": {
            "0": {
                "name": "useDebounce",
                "decl": {
                    "start": { "line": 26, "column": 16 },
                    "end": { "line": 26, "column": 27 }
                },
                "loc": {
                    "start": { "line": 26, "column": 60 },
                    "end": { "line": 42, "column": 1 }
                }
            },
            "1": {
                "name": "(anonymous_1)",
                "decl": {
                    "start": { "line": 29, "column": 14 },
                    "end": { "line": 29, "column": 17 }
                },
                "loc": {
                    "start": { "line": 29, "column": 19 },
                    "end": { "line": 39, "column": 5 }
                }
            },
            "2": {
                "name": "(anonymous_2)",
                "decl": {
                    "start": { "line": 31, "column": 35 },
                    "end": { "line": 31, "column": 38 }
                },
                "loc": {
                    "start": { "line": 31, "column": 40 },
                    "end": { "line": 33, "column": 9 }
                }
            },
            "3": {
                "name": "(anonymous_3)",
                "decl": {
                    "start": { "line": 36, "column": 15 },
                    "end": { "line": 36, "column": 18 }
                },
                "loc": {
                    "start": { "line": 36, "column": 20 },
                    "end": { "line": 38, "column": 9 }
                }
            }
        },
        "branchMap": {
            "0": {
                "loc": {
                    "start": { "line": 26, "column": 41 },
                    "end": { "line": 26, "column": 60 }
                },
                "type": "default-arg",
                "locations": [
                    {
                        "start": { "line": 26, "column": 57 },
                        "end": { "line": 26, "column": 60 }
                    }
                ]
            }
        },
        "s": {
            "0": 1,
            "1": 1,
            "2": 14,
            "3": 14,
            "4": 10,
            "5": 5,
            "6": 10,
            "7": 10,
            "8": 14,
            "9": 1
        },
        "f": { "0": 14, "1": 10, "2": 5, "3": 10 },
        "b": { "0": [0] }
    },
    "/Users/shakir/Documents/MyProjects/react-handyhooks/src/hooks/useDeviceOrientation.ts": {
        "path": "/Users/shakir/Documents/MyProjects/react-handyhooks/src/hooks/useDeviceOrientation.ts",
        "statementMap": {
            "0": {
                "start": { "line": 21, "column": 0 },
                "end": { "line": 21, "column": 16 }
            },
            "1": {
                "start": { "line": 1, "column": 0 },
                "end": { "line": 1, "column": 44 }
            },
            "2": {
                "start": { "line": 22, "column": 42 },
                "end": { "line": 27, "column": 6 }
            },
            "3": {
                "start": { "line": 29, "column": 4 },
                "end": { "line": 51, "column": 11 }
            },
            "4": {
                "start": { "line": 30, "column": 34 },
                "end": { "line": 37, "column": 9 }
            },
            "5": {
                "start": { "line": 31, "column": 12 },
                "end": { "line": 36, "column": 15 }
            },
            "6": {
                "start": { "line": 40, "column": 8 },
                "end": { "line": 46, "column": 9 }
            },
            "7": {
                "start": { "line": 41, "column": 12 },
                "end": { "line": 41, "column": 76 }
            },
            "8": {
                "start": { "line": 43, "column": 12 },
                "end": { "line": 45, "column": 14 }
            },
            "9": {
                "start": { "line": 48, "column": 8 },
                "end": { "line": 50, "column": 10 }
            },
            "10": {
                "start": { "line": 49, "column": 12 },
                "end": { "line": 49, "column": 79 }
            },
            "11": {
                "start": { "line": 53, "column": 4 },
                "end": { "line": 53, "column": 23 }
            }
        },
        "fnMap": {
            "0": {
                "name": "useDeviceOrientation",
                "decl": {
                    "start": { "line": 21, "column": 16 },
                    "end": { "line": 21, "column": 36 }
                },
                "loc": {
                    "start": { "line": 21, "column": 36 },
                    "end": { "line": 54, "column": 1 }
                }
            },
            "1": {
                "name": "(anonymous_1)",
                "decl": {
                    "start": { "line": 29, "column": 14 },
                    "end": { "line": 29, "column": 17 }
                },
                "loc": {
                    "start": { "line": 29, "column": 19 },
                    "end": { "line": 51, "column": 5 }
                }
            },
            "2": {
                "name": "(anonymous_2)",
                "decl": {
                    "start": { "line": 30, "column": 34 },
                    "end": { "line": 30, "column": 35 }
                },
                "loc": {
                    "start": { "line": 30, "column": 68 },
                    "end": { "line": 37, "column": 9 }
                }
            },
            "3": {
                "name": "(anonymous_3)",
                "decl": {
                    "start": { "line": 48, "column": 15 },
                    "end": { "line": 48, "column": 18 }
                },
                "loc": {
                    "start": { "line": 48, "column": 20 },
                    "end": { "line": 50, "column": 9 }
                }
            }
        },
        "branchMap": {
            "0": {
                "loc": {
                    "start": { "line": 32, "column": 23 },
                    "end": { "line": 32, "column": 42 }
                },
                "type": "binary-expr",
                "locations": [
                    {
                        "start": { "line": 32, "column": 23 },
                        "end": { "line": 32, "column": 34 }
                    },
                    {
                        "start": { "line": 32, "column": 38 },
                        "end": { "line": 32, "column": 42 }
                    }
                ]
            },
            "1": {
                "loc": {
                    "start": { "line": 33, "column": 22 },
                    "end": { "line": 33, "column": 40 }
                },
                "type": "binary-expr",
                "locations": [
                    {
                        "start": { "line": 33, "column": 22 },
                        "end": { "line": 33, "column": 32 }
                    },
                    {
                        "start": { "line": 33, "column": 36 },
                        "end": { "line": 33, "column": 40 }
                    }
                ]
            },
            "2": {
                "loc": {
                    "start": { "line": 34, "column": 23 },
                    "end": { "line": 34, "column": 42 }
                },
                "type": "binary-expr",
                "locations": [
                    {
                        "start": { "line": 34, "column": 23 },
                        "end": { "line": 34, "column": 34 }
                    },
                    {
                        "start": { "line": 34, "column": 38 },
                        "end": { "line": 34, "column": 42 }
                    }
                ]
            },
            "3": {
                "loc": {
                    "start": { "line": 35, "column": 26 },
                    "end": { "line": 35, "column": 48 }
                },
                "type": "binary-expr",
                "locations": [
                    {
                        "start": { "line": 35, "column": 26 },
                        "end": { "line": 35, "column": 40 }
                    },
                    {
                        "start": { "line": 35, "column": 44 },
                        "end": { "line": 35, "column": 48 }
                    }
                ]
            },
            "4": {
                "loc": {
                    "start": { "line": 40, "column": 8 },
                    "end": { "line": 46, "column": 9 }
                },
                "type": "if",
                "locations": [
                    {
                        "start": { "line": 40, "column": 8 },
                        "end": { "line": 46, "column": 9 }
                    },
                    {
                        "start": { "line": 42, "column": 15 },
                        "end": { "line": 46, "column": 9 }
                    }
                ]
            }
        },
        "s": {
            "0": 1,
            "1": 1,
            "2": 7,
            "3": 7,
            "4": 6,
            "5": 1,
            "6": 6,
            "7": 5,
            "8": 1,
            "9": 6,
            "10": 6,
            "11": 7
        },
        "f": { "0": 7, "1": 6, "2": 1, "3": 6 },
        "b": { "0": [1, 0], "1": [1, 0], "2": [1, 0], "3": [1, 0], "4": [5, 1] }
    },
    "/Users/shakir/Documents/MyProjects/react-handyhooks/src/hooks/useEventListener.ts": {
        "path": "/Users/shakir/Documents/MyProjects/react-handyhooks/src/hooks/useEventListener.ts",
        "statementMap": {
            "0": {
                "start": { "line": 25, "column": 0 },
                "end": { "line": 25, "column": 16 }
            },
            "1": {
                "start": { "line": 16, "column": 0 },
                "end": { "line": 16, "column": 42 }
            },
            "2": {
                "start": { "line": 31, "column": 25 },
                "end": { "line": 31, "column": 60 }
            },
            "3": {
                "start": { "line": 33, "column": 4 },
                "end": { "line": 35, "column": 18 }
            },
            "4": {
                "start": { "line": 34, "column": 8 },
                "end": { "line": 34, "column": 39 }
            },
            "5": {
                "start": { "line": 37, "column": 4 },
                "end": { "line": 57, "column": 29 }
            },
            "6": {
                "start": { "line": 39, "column": 12 },
                "end": { "line": 39, "column": 29 }
            },
            "7": {
                "start": { "line": 41, "column": 8 },
                "end": { "line": 41, "column": 71 }
            },
            "8": {
                "start": { "line": 41, "column": 64 },
                "end": { "line": 41, "column": 71 }
            },
            "9": {
                "start": { "line": 44, "column": 30 },
                "end": { "line": 48, "column": 9 }
            },
            "10": {
                "start": { "line": 45, "column": 12 },
                "end": { "line": 47, "column": 13 }
            },
            "11": {
                "start": { "line": 46, "column": 16 },
                "end": { "line": 46, "column": 65 }
            },
            "12": {
                "start": { "line": 51, "column": 8 },
                "end": { "line": 51, "column": 65 }
            },
            "13": {
                "start": { "line": 54, "column": 8 },
                "end": { "line": 56, "column": 10 }
            },
            "14": {
                "start": { "line": 55, "column": 12 },
                "end": { "line": 55, "column": 72 }
            },
            "15": {
                "start": { "line": 60, "column": 0 },
                "end": { "line": 60, "column": 32 }
            }
        },
        "fnMap": {
            "0": {
                "name": "useEventListener",
                "decl": {
                    "start": { "line": 25, "column": 16 },
                    "end": { "line": 25, "column": 32 }
                },
                "loc": {
                    "start": { "line": 28, "column": 52 },
                    "end": { "line": 58, "column": 1 }
                }
            },
            "1": {
                "name": "(anonymous_1)",
                "decl": {
                    "start": { "line": 33, "column": 14 },
                    "end": { "line": 33, "column": 17 }
                },
                "loc": {
                    "start": { "line": 33, "column": 19 },
                    "end": { "line": 35, "column": 5 }
                }
            },
            "2": {
                "name": "(anonymous_2)",
                "decl": {
                    "start": { "line": 37, "column": 14 },
                    "end": { "line": 37, "column": 17 }
                },
                "loc": {
                    "start": { "line": 37, "column": 19 },
                    "end": { "line": 57, "column": 5 }
                }
            },
            "3": {
                "name": "(anonymous_3)",
                "decl": {
                    "start": { "line": 44, "column": 30 },
                    "end": { "line": 44, "column": 31 }
                },
                "loc": {
                    "start": { "line": 44, "column": 47 },
                    "end": { "line": 48, "column": 9 }
                }
            },
            "4": {
                "name": "(anonymous_4)",
                "decl": {
                    "start": { "line": 54, "column": 15 },
                    "end": { "line": 54, "column": 18 }
                },
                "loc": {
                    "start": { "line": 54, "column": 20 },
                    "end": { "line": 56, "column": 9 }
                }
            }
        },
        "branchMap": {
            "0": {
                "loc": {
                    "start": { "line": 39, "column": 12 },
                    "end": { "line": 39, "column": 29 }
                },
                "type": "binary-expr",
                "locations": [
                    {
[...]
            "4": 15,
            "5": 11,
            "6": 11,
            "7": 11,
            "8": 0,
            "9": 0,
            "10": 11,
            "11": 4,
            "12": 4,
            "13": 11,
            "14": 11,
            "15": 15,
            "16": 1
        },
        "f": { "0": 15, "1": 11, "2": 4, "3": 11 },
        "b": { "0": [0], "1": [0, 11] }
    },
    "/Users/shakir/Documents/MyProjects/react-handyhooks/src/hooks/useTimeout.ts": {
        "path": "/Users/shakir/Documents/MyProjects/react-handyhooks/src/hooks/useTimeout.ts",
        "statementMap": {
            "0": {
                "start": { "line": 19, "column": 0 },
                "end": { "line": 19, "column": 16 }
            },
            "1": {
                "start": { "line": 1, "column": 0 },
                "end": { "line": 1, "column": 55 }
            },
            "2": {
                "start": { "line": 20, "column": 26 },
                "end": { "line": 20, "column": 42 }
            },
            "3": {
                "start": { "line": 21, "column": 22 },
                "end": { "line": 21, "column": 57 }
            },
            "4": {
                "start": { "line": 24, "column": 4 },
                "end": { "line": 26, "column": 19 }
            },
            "5": {
                "start": { "line": 25, "column": 8 },
                "end": { "line": 25, "column": 41 }
            },
            "6": {
                "start": { "line": 28, "column": 18 },
                "end": { "line": 33, "column": 10 }
            },
            "7": {
                "start": { "line": 29, "column": 8 },
                "end": { "line": 32, "column": 9 }
            },
            "8": {
                "start": { "line": 30, "column": 12 },
                "end": { "line": 30, "column": 44 }
            },
            "9": {
                "start": { "line": 31, "column": 12 },
                "end": { "line": 31, "column": 37 }
            },
            "10": {
                "start": { "line": 35, "column": 16 },
                "end": { "line": 41, "column": 22 }
            },
            "11": {
                "start": { "line": 36, "column": 8 },
                "end": { "line": 36, "column": 35 }
            },
            "12": {
                "start": { "line": 36, "column": 28 },
                "end": { "line": 36, "column": 35 }
            },
            "13": {
                "start": { "line": 37, "column": 8 },
                "end": { "line": 37, "column": 16 }
            },
            "14": {
                "start": { "line": 38, "column": 8 },
                "end": { "line": 40, "column": 18 }
            },
            "15": {
                "start": { "line": 39, "column": 12 },
                "end": { "line": 39, "column": 36 }
            },
            "16": {
                "start": { "line": 44, "column": 4 },
                "end": { "line": 47, "column": 21 }
            },
            "17": {
                "start": { "line": 45, "column": 8 },
                "end": { "line": 45, "column": 14 }
            },
            "18": {
                "start": { "line": 46, "column": 8 },
                "end": { "line": 46, "column": 21 }
            },
            "19": {
                "start": { "line": 49, "column": 4 },
                "end": { "line": 49, "column": 33 }
            }
        },
        "fnMap": {
            "0": {
                "name": "useTimeout",
                "decl": {
                    "start": { "line": 19, "column": 16 },
                    "end": { "line": 19, "column": 26 }
                },
                "loc": {
                    "start": { "line": 19, "column": 69 },
                    "end": { "line": 50, "column": 1 }
                }
            },
            "1": {
                "name": "(anonymous_1)",
                "decl": {
                    "start": { "line": 24, "column": 14 },
                    "end": { "line": 24, "column": 17 }
                },
                "loc": {
                    "start": { "line": 24, "column": 19 },
                    "end": { "line": 26, "column": 5 }
                }
            },
            "2": {
                "name": "(anonymous_2)",
                "decl": {
                    "start": { "line": 28, "column": 30 },
                    "end": { "line": 28, "column": 33 }
                },
                "loc": {
                    "start": { "line": 28, "column": 35 },
                    "end": { "line": 33, "column": 5 }
                }
            },
            "3": {
                "name": "(anonymous_3)",
                "decl": {
                    "start": { "line": 35, "column": 28 },
                    "end": { "line": 35, "column": 31 }
                },
                "loc": {
                    "start": { "line": 35, "column": 33 },
                    "end": { "line": 41, "column": 5 }
                }
            },
            "4": {
                "name": "(anonymous_4)",
                "decl": {
                    "start": { "line": 38, "column": 39 },
                    "end": { "line": 38, "column": 42 }
                },
                "loc": {
                    "start": { "line": 38, "column": 44 },
                    "end": { "line": 40, "column": 9 }
                }
            },
            "5": {
                "name": "(anonymous_5)",
                "decl": {
                    "start": { "line": 44, "column": 14 },
                    "end": { "line": 44, "column": 17 }
                },
                "loc": {
                    "start": { "line": 44, "column": 19 },
                    "end": { "line": 47, "column": 5 }
                }
            }
        },
        "branchMap": {
            "0": {
                "loc": {
                    "start": { "line": 29, "column": 8 },
                    "end": { "line": 32, "column": 9 }
                },
                "type": "if",
                "locations": [
                    {
                        "start": { "line": 29, "column": 8 },
                        "end": { "line": 32, "column": 9 }
                    },
                    { "start": {}, "end": {} }
                ]
            },
            "1": {
                "loc": {
                    "start": { "line": 36, "column": 8 },
                    "end": { "line": 36, "column": 35 }
                },
                "type": "if",
                "locations": [
                    {
                        "start": { "line": 36, "column": 8 },
                        "end": { "line": 36, "column": 35 }
                    },
                    { "start": {}, "end": {} }
                ]
            }
        },
        "s": {
            "0": 1,
            "1": 1,
            "2": 4,
            "3": 4,
            "4": 4,
            "5": 4,
            "6": 4,
            "7": 9,
            "8": 4,
            "9": 4,
            "10": 4,
            "11": 6,
            "12": 2,
            "13": 4,
            "14": 4,
            "15": 2,
            "16": 4,
            "17": 4,
            "18": 4,
            "19": 4
        },
        "f": { "0": 4, "1": 4, "2": 9, "3": 6, "4": 2, "5": 4 },
        "b": { "0": [4, 5], "1": [2, 4] }
    },
    "/Users/shakir/Documents/MyProjects/react-handyhooks/src/hooks/useToggle.ts": {
        "path": "/Users/shakir/Documents/MyProjects/react-handyhooks/src/hooks/useToggle.ts",
        "statementMap": {
            "0": {
                "start": { "line": 30, "column": 0 },
                "end": { "line": 30, "column": 16 }
            },
            "1": {
                "start": { "line": 20, "column": 0 },
                "end": { "line": 20, "column": 46 }
            },
            "2": {
                "start": { "line": 33, "column": 30 },
                "end": { "line": 33, "column": 61 }
            },
            "3": {
                "start": { "line": 41, "column": 19 },
                "end": { "line": 45, "column": 10 }
            },
            "4": {
                "start": { "line": 42, "column": 8 },
                "end": { "line": 44, "column": 10 }
            },
            "5": {
                "start": { "line": 43, "column": 12 },
                "end": { "line": 43, "column": 62 }
            },
            "6": {
                "start": { "line": 47, "column": 4 },
                "end": { "line": 47, "column": 27 }
            },
            "7": {
                "start": { "line": 50, "column": 0 },
                "end": { "line": 50, "column": 25 }
            }
        },
        "fnMap": {
            "0": {
                "name": "useToggle",
                "decl": {
                    "start": { "line": 30, "column": 16 },
                    "end": { "line": 30, "column": 25 }
                },
                "loc": {
                    "start": { "line": 31, "column": 33 },
                    "end": { "line": 48, "column": 1 }
                }
            },
            "1": {
                "name": "(anonymous_1)",
                "decl": {
                    "start": { "line": 41, "column": 31 },
                    "end": { "line": 41, "column": 32 }
                },
                "loc": {
                    "start": { "line": 41, "column": 55 },
                    "end": { "line": 45, "column": 5 }
                }
            },
            "2": {
                "name": "(anonymous_2)",
                "decl": {
                    "start": { "line": 42, "column": 17 },
                    "end": { "line": 42, "column": 18 }
                },
                "loc": {
                    "start": { "line": 43, "column": 12 },
                    "end": { "line": 43, "column": 62 }
                }
            }
        },
        "branchMap": {
            "0": {
                "loc": {
                    "start": { "line": 31, "column": 4 },
                    "end": { "line": 31, "column": 33 }
                },
                "type": "default-arg",
                "locations": [
                    {
                        "start": { "line": 31, "column": 28 },
                        "end": { "line": 31, "column": 33 }
                    }
                ]
            },
            "1": {
                "loc": {
                    "start": { "line": 43, "column": 12 },
                    "end": { "line": 43, "column": 62 }
                },
                "type": "cond-expr",
                "locations": [
                    {
                        "start": { "line": 43, "column": 45 },
                        "end": { "line": 43, "column": 54 }
                    },
                    {
                        "start": { "line": 43, "column": 57 },
                        "end": { "line": 43, "column": 62 }
                    }
                ]
            }
        },
        "s": {
            "0": 1,
            "1": 1,
            "2": 11,
            "3": 11,
            "4": 7,
            "5": 7,
            "6": 11,
            "7": 1
        },
        "f": { "0": 11, "1": 7, "2": 7 },
        "b": { "0": [1], "1": [2, 5] }
    },
    "/Users/shakir/Documents/MyProjects/react-handyhooks/src/hooks/useUpdateEffect.ts": {
        "path": "/Users/shakir/Documents/MyProjects/react-handyhooks/src/hooks/useUpdateEffect.ts",
        "statementMap": {
            "0": {
                "start": { "line": 16, "column": 0 },
                "end": { "line": 16, "column": 16 }
            },
            "1": {
                "start": { "line": 1, "column": 0 },
                "end": { "line": 1, "column": 74 }
            },
            "2": {
                "start": { "line": 17, "column": 26 },
                "end": { "line": 17, "column": 38 }
            },
            "3": {
                "start": { "line": 19, "column": 4 },
                "end": { "line": 26, "column": 13 }
            },
            "4": {
                "start": { "line": 20, "column": 8 },
                "end": { "line": 23, "column": 9 }
            },
            "5": {
                "start": { "line": 21, "column": 12 },
                "end": { "line": 21, "column": 42 }
            },
            "6": {
                "start": { "line": 22, "column": 12 },
                "end": { "line": 22, "column": 19 }
            },
            "7": {
                "start": { "line": 24, "column": 8 },
                "end": { "line": 24, "column": 24 }
            }
        },
        "fnMap": {
            "0": {
                "name": "useUpdateEffect",
                "decl": {
                    "start": { "line": 16, "column": 16 },
                    "end": { "line": 16, "column": 31 }
                },
                "loc": {
                    "start": { "line": 16, "column": 77 },
                    "end": { "line": 27, "column": 1 }
                }
            },
            "1": {
                "name": "(anonymous_1)",
                "decl": {
                    "start": { "line": 19, "column": 14 },
                    "end": { "line": 19, "column": 17 }
                },
                "loc": {
                    "start": { "line": 19, "column": 19 },
                    "end": { "line": 26, "column": 5 }
                }
            }
        },
        "branchMap": {
            "0": {
                "loc": {
                    "start": { "line": 20, "column": 8 },
                    "end": { "line": 23, "column": 9 }
                },
                "type": "if",
                "locations": [
                    {
                        "start": { "line": 20, "column": 8 },
                        "end": { "line": 23, "column": 9 }
                    },
                    { "start": {}, "end": {} }
                ]
            }
        },
        "s": {
            "0": 1,
            "1": 1,
            "2": 10,
            "3": 10,
            "4": 10,
            "5": 4,
            "6": 4,
            "7": 6
        },
        "f": { "0": 10, "1": 10 },
        "b": { "0": [4, 6] }
    },
    "/Users/shakir/Documents/MyProjects/react-handyhooks/src/hooks/useWindowSize.ts": {
        "path": "/Users/shakir/Documents/MyProjects/react-handyhooks/src/hooks/useWindowSize.ts",
        "statementMap": {
            "0": {
                "start": { "line": 15, "column": 0 },
                "end": { "line": 15, "column": 16 }
            },
            "1": {
                "start": { "line": 1, "column": 0 },
                "end": { "line": 1, "column": 44 }
            },
            "2": {
                "start": { "line": 16, "column": 40 },
                "end": { "line": 19, "column": 6 }
            },
            "3": {
                "start": { "line": 21, "column": 4 },
                "end": { "line": 39, "column": 11 }
            },
            "4": {
                "start": { "line": 22, "column": 8 },
                "end": { "line": 22, "column": 50 }
            },
            "5": {
                "start": { "line": 22, "column": 43 },
                "end": { "line": 22, "column": 50 }
            },
            "6": {
                "start": { "line": 24, "column": 29 },
                "end": { "line": 29, "column": 9 }
            },
            "7": {
                "start": { "line": 25, "column": 12 },
                "end": { "line": 28, "column": 15 }
            },
            "8": {
                "start": { "line": 32, "column": 8 },
                "end": { "line": 32, "column": 56 }
            },
            "9": {
                "start": { "line": 35, "column": 8 },
                "end": { "line": 35, "column": 23 }
            },
            "10": {
                "start": { "line": 38, "column": 8 },
                "end": { "line": 38, "column": 72 }
            },
            "11": {
                "start": { "line": 38, "column": 21 },
                "end": { "line": 38, "column": 71 }
            },
            "12": {
                "start": { "line": 41, "column": 4 },
                "end": { "line": 41, "column": 22 }
            }
        },
        "fnMap": {
            "0": {
                "name": "useWindowSize",
                "decl": {
                    "start": { "line": 15, "column": 16 },
                    "end": { "line": 15, "column": 29 }
                },
                "loc": {
                    "start": { "line": 15, "column": 29 },
                    "end": { "line": 42, "column": 1 }
                }
            },
            "1": {
                "name": "(anonymous_1)",
                "decl": {
                    "start": { "line": 21, "column": 14 },
                    "end": { "line": 21, "column": 17 }
                },
                "loc": {
                    "start": { "line": 21, "column": 19 },
                    "end": { "line": 39, "column": 5 }
                }
            },
            "2": {
                "name": "(anonymous_2)",
                "decl": {
                    "start": { "line": 24, "column": 29 },
                    "end": { "line": 24, "column": 32 }
                },
                "loc": {
                    "start": { "line": 24, "column": 34 },
                    "end": { "line": 29, "column": 9 }
                }
            },
            "3": {
                "name": "(anonymous_3)",
                "decl": {
                    "start": { "line": 38, "column": 15 },
                    "end": { "line": 38, "column": 18 }
                },
                "loc": {
                    "start": { "line": 38, "column": 21 },
                    "end": { "line": 38, "column": 71 }
                }
            }
        },
        "branchMap": {
            "0": {
                "loc": {
                    "start": { "line": 17, "column": 15 },
                    "end": { "line": 17, "column": 68 }
                },
                "type": "cond-expr",
                "locations": [
                    {
                        "start": { "line": 17, "column": 47 },
                        "end": { "line": 17, "column": 64 }
                    },
                    {
                        "start": { "line": 17, "column": 67 },
                        "end": { "line": 17, "column": 68 }
                    }
                ]
            },
            "1": {
                "loc": {
                    "start": { "line": 18, "column": 16 },
                    "end": { "line": 18, "column": 70 }
                },
                "type": "cond-expr",
                "locations": [
                    {
                        "start": { "line": 18, "column": 48 },
                        "end": { "line": 18, "column": 66 }
                    },
                    {
                        "start": { "line": 18, "column": 69 },
                        "end": { "line": 18, "column": 70 }
                    }
                ]
            },
            "2": {
                "loc": {
                    "start": { "line": 22, "column": 8 },
                    "end": { "line": 22, "column": 50 }
                },
                "type": "if",
                "locations": [
                    {
                        "start": { "line": 22, "column": 8 },
                        "end": { "line": 22, "column": 50 }
                    },
                    { "start": {}, "end": {} }
                ]
            }
        },
        "s": {
            "0": 1,
            "1": 1,
            "2": 10,
            "3": 10,
            "4": 4,
            "5": 0,
            "6": 4,
            "7": 6,
            "8": 4,
            "9": 4,
            "10": 4,
            "11": 4,
            "12": 10
        },
        "f": { "0": 10, "1": 4, "2": 6, "3": 4 },
        "b": { "0": [10, 0], "1": [10, 0], "2": [0, 4] }
    }
}
