TN:
SF:src/hooks/useArray.ts
FN:23,useArray
FN:27,(anonymous_1)
FN:28,(anonymous_2)
FN:32,(anonymous_3)
FN:33,(anonymous_4)
FN:33,(anonymous_5)
FN:37,(anonymous_6)
FN:38,(anonymous_7)
FN:39,(anonymous_8)
FN:44,(anonymous_9)
FN:45,(anonymous_10)
FN:53,(anonymous_11)
FN:58,(anonymous_12)
FNF:13
FNH:13
FNDA:14,useArray
FNDA:2,(anonymous_1)
FNDA:2,(anonymous_2)
FNDA:1,(anonymous_3)
FNDA:1,(anonymous_4)
FNDA:3,(anonymous_5)
FNDA:1,(anonymous_6)
FNDA:1,(anonymous_7)
FNDA:3,(anonymous_8)
FNDA:1,(anonymous_9)
FNDA:1,(anonymous_10)
FNDA:1,(anonymous_11)
FNDA:1,(anonymous_12)
DA:15,1
DA:23,1
DA:24,14
DA:27,14
DA:28,2
DA:32,14
DA:33,3
DA:37,14
DA:38,1
DA:39,3
DA:44,14
DA:45,1
DA:53,14
DA:54,1
DA:58,14
DA:59,1
DA:63,14
DA:65,14
DA:77,1
LF:19
LH:19
BRDA:23,0,0,0
BRDA:39,1,0,1
BRDA:39,1,1,2
BRF:3
BRH:2
end_of_record
TN:
SF:src/hooks/useAsync.ts
FN:37,useAsync
FN:47,(anonymous_1)
FN:64,(anonymous_2)
FN:70,(anonymous_3)
FN:71,(anonymous_4)
FN:77,(anonymous_5)
FNF:6
FNH:6
FNDA:13,useAsync
FNDA:5,(anonymous_1)
FNDA:1,(anonymous_2)
FNDA:5,(anonymous_3)
FNDA:5,(anonymous_4)
FNDA:5,(anonymous_5)
DA:14,1
DA:37,1
DA:41,13
DA:42,13
DA:43,13
DA:44,13
DA:46,13
DA:48,5
DA:49,5
DA:51,5
DA:52,5
DA:53,4
DA:54,4
DA:56,1
DA:58,5
DA:64,13
DA:65,1
DA:66,1
DA:70,13
DA:71,5
DA:72,5
DA:77,13
DA:78,5
DA:79,1
DA:83,13
DA:86,1
LF:26
LH:26
BRDA:39,0,0,0
BRDA:53,1,0,4
BRDA:53,1,1,0
BRDA:56,2,0,1
BRDA:56,2,1,0
BRDA:58,3,0,5
BRDA:58,3,1,0
BRDA:78,4,0,1
BRDA:78,4,1,4
BRF:9
BRH:5
end_of_record
TN:
SF:src/hooks/useBoolean.ts
FN:38,useBoolean
FN:41,(anonymous_1)
FN:42,(anonymous_2)
FN:43,(anonymous_3)
FN:43,(anonymous_4)
FNF:5
FNH:5
FNDA:9,useBoolean
FNDA:1,(anonymous_1)
FNDA:1,(anonymous_2)
FNDA:2,(anonymous_3)
FNDA:2,(anonymous_4)
DA:14,1
DA:38,1
DA:39,9
DA:41,9
DA:42,9
DA:43,9
DA:45,9
DA:48,1
LF:8
LH:8
BRDA:38,0,0,1
BRF:1
BRH:1
end_of_record
TN:
SF:src/hooks/useClickOutside.ts
FN:21,useClickOutside
FN:26,(anonymous_1)
FN:27,(anonymous_2)
FN:35,(anonymous_3)
FNF:4
FNH:4
FNDA:4,useClickOutside
FNDA:4,(anonymous_1)
FNDA:4,(anonymous_2)
FNDA:4,(anonymous_3)
DA:12,1
DA:21,1
DA:26,4
DA:27,4
DA:28,4
DA:30,4
DA:31,2
DA:34,4
DA:35,4
DA:36,4
DA:41,1
LF:11
LH:11
BRDA:24,0,0,3
BRDA:30,1,0,2
BRDA:30,1,1,2
BRDA:30,2,0,4
BRDA:30,2,1,3
BRF:5
BRH:5
end_of_record
TN:
SF:src/hooks/useCopyToClipboard.ts
FN:34,useCopyToClipboard
FN:38,(anonymous_1)
FN:70,(anonymous_2)
FNF:3
FNH:3
FNDA:8,useCopyToClipboard
FNDA:4,(anonymous_1)
FNDA:1,(anonymous_2)
DA:13,1
DA:34,1
DA:35,8
DA:36,8
DA:38,8
DA:39,4
DA:40,1
DA:41,1
DA:44,3
DA:45,3
DA:46,2
DA:49,1
DA:50,1
DA:51,1
DA:52,1
DA:53,1
DA:54,1
DA:55,1
DA:56,1
DA:57,1
DA:60,3
DA:61,3
DA:62,3
DA:64,0
DA:65,0
DA:66,0
DA:70,8
DA:71,1
DA:72,1
DA:75,8
DA:78,1
LF:31
LH:28
BRDA:39,0,0,1
BRDA:39,0,1,3
BRDA:45,1,0,2
BRDA:45,1,1,1
BRDA:45,2,0,3
BRDA:45,2,1,2
BRF:6
BRH:6
end_of_record
TN:
SF:src/hooks/useCounter.ts
FN:44,useCounter
FN:51,(anonymous_1)
FN:52,(anonymous_2)
FN:59,(anonymous_3)
FN:60,(anonymous_4)
FN:67,(anonymous_5)
FN:68,(anonymous_6)
FNF:7
FNH:7
FNDA:15,useCounter
FNDA:6,(anonymous_1)
FNDA:6,(anonymous_2)
FNDA:6,(anonymous_3)
FNDA:6,(anonymous_4)
FNDA:1,(anonymous_5)
FNDA:1,(anonymous_6)
DA:13,1
DA:44,1
DA:48,15
DA:49,15
DA:51,15
DA:52,6
DA:53,6
DA:54,6
DA:55,5
DA:59,15
DA:60,6
DA:61,6
DA:62,6
DA:63,6
DA:67,15
DA:68,15
DA:70,15
DA:73,1
LF:18
LH:18
BRDA:45,0,0,0
BRDA:46,1,0,0
BRDA:48,2,0,12
BRDA:54,3,0,1
BRDA:54,3,1,5
BRDA:54,4,0,6
BRDA:54,4,1,3
BRDA:62,5,0,0
BRDA:62,5,1,6
BRDA:62,6,0,6
BRDA:62,6,1,4
BRF:11
BRH:8
end_of_record
TN:
SF:src/hooks/useDarkMode.ts
FN:33,useDarkMode
FN:37,(anonymous_1)
FN:43,(anonymous_2)
FN:53,(anonymous_3)
FN:65,(anonymous_4)
FN:67,(anonymous_5)
FN:71,(anonymous_6)
FN:74,(anonymous_7)
FN:75,(anonymous_8)
FN:76,(anonymous_9)
FN:76,(anonymous_10)
FNF:11
FNH:9
FNDA:7,useDarkMode
FNDA:3,(anonymous_1)
FNDA:5,(anonymous_2)
FNDA:7,(anonymous_3)
FNDA:5,(anonymous_4)
FNDA:1,(anonymous_5)
FNDA:5,(anonymous_6)
FNDA:1,(anonymous_7)
FNDA:1,(anonymous_8)
FNDA:0,(anonymous_9)
FNDA:0,(anonymous_10)
DA:13,1
DA:33,1
DA:37,7
DA:38,3
DA:39,0
DA:40,3
DA:43,7
DA:44,5
DA:45,5
DA:46,5
DA:47,3
DA:50,7
DA:53,7
DA:54,7
DA:55,7
DA:56,4
DA:57,4
DA:59,3
DA:60,3
DA:65,7
DA:66,5
DA:67,5
DA:68,1
DA:70,5
DA:71,5
DA:74,7
DA:75,7
DA:76,7
DA:78,7
DA:81,1
LF:30
LH:29
BRDA:34,0,0,7
BRDA:35,1,0,7
BRDA:38,2,0,0
BRDA:38,2,1,3
BRDA:38,3,0,3
BRDA:38,3,1,3
BRDA:44,4,0,0
BRDA:44,4,1,5
BRDA:46,5,0,2
BRDA:46,5,1,3
BRDA:55,6,0,4
BRDA:55,6,1,3
BRF:12
BRH:10
end_of_record
TN:
SF:src/hooks/useDebounce.ts
FN:26,useDebounce
FN:29,(anonymous_1)
FN:31,(anonymous_2)
FN:36,(anonymous_3)
FNF:4
FNH:4
FNDA:14,useDebounce
FNDA:10,(anonymous_1)
FNDA:5,(anonymous_2)
FNDA:10,(anonymous_3)
DA:17,1
DA:26,1
DA:27,14
DA:29,14
DA:31,10
DA:32,5
DA:36,10
DA:37,10
DA:41,14
DA:44,1
LF:10
LH:10
BRDA:26,0,0,0
BRF:1
BRH:0
end_of_record
TN:
SF:src/hooks/useDeviceOrientation.ts
FN:21,useDeviceOrientation
FN:29,(anonymous_1)
FN:30,(anonymous_2)
FN:48,(anonymous_3)
FNF:4
FNH:4
FNDA:7,useDeviceOrientation
FNDA:6,(anonymous_1)
FNDA:1,(anonymous_2)
FNDA:6,(anonymous_3)
DA:1,1
DA:21,1
DA:22,7
DA:29,7
DA:30,6
DA:31,1
DA:40,6
DA:41,5
DA:43,1
DA:48,6
DA:49,6
DA:53,7
LF:12
LH:12
BRDA:32,0,0,1
BRDA:32,0,1,0
BRDA:33,1,0,1
BRDA:33,1,1,0
BRDA:34,2,0,1
BRDA:34,2,1,0
BRDA:35,3,0,1
BRDA:35,3,1,0
BRDA:40,4,0,5
BRDA:40,4,1,1
BRF:10
BRH:6
end_of_record
TN:
SF:src/hooks/useEventListener.ts
FN:25,useEventListener
FN:33,(anonymous_1)
FN:37,(anonymous_2)
FN:44,(anonymous_3)
FN:54,(anonymous_4)
FNF:5
FNH:5
FNDA:7,useEventListener
FNDA:7,(anonymous_1)
FNDA:6,(anonymous_2)
FNDA:5,(anonymous_3)
FNDA:6,(anonymous_4)
DA:16,1
DA:25,1
DA:31,7
DA:33,7
DA:34,7
DA:37,7
DA:39,6
DA:41,6
DA:44,6
DA:45,5
DA:46,5
DA:51,6
DA:54,6
DA:55,6
DA:60,1
LF:15
LH:15
BRDA:39,0,0,6
BRDA:39,0,1,4
BRDA:41,1,0,0
BRDA:41,1,1,6
BRDA:41,2,0,6
BRDA:41,2,1,6
BRDA:45,3,0,5
BRDA:45,3,1,0
BRF:8
BRH:6
end_of_record
TN:
SF:src/hooks/useFocus.ts
FN:26,useFocus
FN:30,(anonymous_1)
FN:37,(anonymous_2)
FNF:3
FNH:3
FNDA:5,useFocus
FNDA:4,(anonymous_1)
FNDA:3,(anonymous_2)
DA:1,1
DA:26,1
DA:27,5
DA:28,5
DA:30,5
DA:31,4
DA:32,3
DA:33,3
DA:37,5
DA:38,3
DA:39,2
DA:40,2
DA:44,5
LF:13
LH:13
BRDA:31,0,0,3
BRDA:31,0,1,1
BRDA:38,1,0,2
BRDA:38,1,1,1
BRF:4
BRH:4
end_of_record
TN:
SF:src/hooks/useFormState.ts
FN:47,useFormState
FN:59,(anonymous_1)
FN:71,(anonymous_2)
FN:79,(anonymous_3)
FN:85,(anonymous_4)
FN:92,(anonymous_5)
FN:93,(anonymous_6)
FN:111,(anonymous_7)
FNF:8
FNH:8
FNDA:17,useFormState
FNDA:7,(anonymous_1)
FNDA:7,(anonymous_2)
FNDA:2,(anonymous_3)
FNDA:2,(anonymous_4)
FNDA:2,(anonymous_5)
FNDA:2,(anonymous_6)
FNDA:1,(anonymous_7)
DA:1,1
DA:47,1
DA:51,17
DA:52,17
DA:53,17
DA:56,17
DA:58,17
DA:64,7
DA:65,7
DA:67,7
DA:71,7
DA:72,7
DA:73,7
DA:78,17
DA:84,2
DA:85,2
DA:86,2
DA:91,17
DA:93,2
DA:94,2
DA:95,2
DA:96,2
DA:97,2
DA:98,2
DA:99,2
DA:100,2
DA:101,1
DA:102,1
DA:105,1
DA:106,1
DA:111,17
DA:112,1
DA:113,1
DA:114,1
DA:115,1
DA:118,17
LF:36
LH:36
BRDA:67,0,0,1
BRDA:67,0,1,6
BRDA:67,1,0,7
BRDA:67,1,1,1
BRDA:72,2,0,7
BRDA:72,2,1,0
BRDA:86,3,0,2
BRDA:86,3,1,0
BRDA:96,4,0,2
BRDA:96,4,1,0
BRDA:100,5,0,1
BRDA:100,5,1,1
BRF:12
BRH:9
end_of_record
TN:
SF:src/hooks/useHover.ts
FN:22,useHover
FN:26,(anonymous_1)
FN:30,(anonymous_2)
FN:31,(anonymous_3)
FN:36,(anonymous_4)
FNF:5
FNH:5
FNDA:6,useHover
FNDA:3,(anonymous_1)
FNDA:2,(anonymous_2)
FNDA:1,(anonymous_3)
FNDA:3,(anonymous_4)
DA:1,1
DA:22,1
DA:23,6
DA:24,6
DA:26,6
DA:27,3
DA:28,3
DA:30,3
DA:31,3
DA:33,3
DA:34,3
DA:36,3
DA:37,3
DA:38,3
DA:42,6
LF:15
LH:15
BRDA:28,0,0,0
BRDA:28,0,1,3
BRF:2
BRH:1
end_of_record
TN:
SF:src/hooks/useInput.ts
FN:30,useInput
FN:38,(anonymous_1)
FN:50,(anonymous_2)
FNF:3
FNH:3
FNDA:12,useInput
FNDA:4,(anonymous_1)
FNDA:1,(anonymous_2)
DA:1,1
DA:30,1
DA:34,12
DA:35,12
DA:37,12
DA:39,4
DA:40,4
DA:42,4
DA:43,3
DA:44,3
DA:50,12
DA:51,1
DA:52,1
DA:55,12
LF:14
LH:14
BRDA:31,0,0,1
BRDA:42,1,0,3
BRDA:42,1,1,1
BRF:3
BRH:3
end_of_record
TN:
SF:src/hooks/useInterval.ts
FN:17,useInterval
FN:21,(anonymous_1)
FN:26,(anonymous_2)
FN:29,(anonymous_3)
FN:32,(anonymous_4)
FNF:5
FNH:5
FNDA:7,useInterval
FNDA:6,(anonymous_1)
FNDA:6,(anonymous_2)
FNDA:10,(anonymous_3)
FNDA:5,(anonymous_4)
DA:1,1
DA:17,1
DA:18,7
DA:21,7
DA:22,6
DA:26,7
DA:27,6
DA:29,10
DA:31,5
DA:32,5
LF:10
LH:10
BRDA:27,0,0,1
BRDA:27,0,1,5
BRDA:29,1,0,10
BRDA:29,1,1,10
BRF:4
BRH:4
end_of_record
TN:
SF:src/hooks/useLocalStorage.ts
FN:20,useLocalStorage
FN:22,(anonymous_1)
FN:40,(anonymous_2)
FN:57,(anonymous_3)
FN:72,(anonymous_4)
FN:73,(anonymous_5)
FN:82,(anonymous_6)
FNF:7
FNH:7
FNDA:12,useLocalStorage
FNDA:8,(anonymous_1)
FNDA:3,(anonymous_2)
FNDA:1,(anonymous_3)
FNDA:8,(anonymous_4)
FNDA:1,(anonymous_5)
FNDA:8,(anonymous_6)
DA:1,1
DA:20,1
DA:22,12
DA:23,8
DA:25,8
DA:26,8
DA:27,6
DA:29,2
DA:33,2
DA:37,12
DA:40,12
DA:41,3
DA:43,3
DA:44,3
DA:45,3
DA:46,3
DA:49,1
DA:57,12
DA:58,1
DA:59,1
DA:60,1
DA:61,1
DA:64,0
DA:72,12
DA:73,8
DA:74,1
DA:75,1
DA:81,8
DA:82,8
DA:85,12
LF:30
LH:29
BRDA:23,0,0,0
BRDA:23,0,1,8
BRDA:27,1,0,1
BRDA:27,1,1,5
BRDA:43,2,0,1
BRDA:43,2,1,2
BRDA:45,3,0,3
BRDA:45,3,1,0
BRDA:60,4,0,1
BRDA:60,4,1,0
BRDA:74,5,0,1
BRDA:74,5,1,0
BRDA:76,6,0,1
BRDA:76,6,1,0
BRF:14
BRH:9
end_of_record
TN:
SF:src/hooks/useMap.ts
FN:31,useMap
FN:32,(anonymous_1)
FN:34,(anonymous_2)
FN:35,(anonymous_3)
FN:42,(anonymous_4)
FN:43,(anonymous_5)
FN:50,(anonymous_6)
FN:52,(anonymous_7)
FN:54,(anonymous_8)
FN:58,(anonymous_9)
FNF:10
FNH:10
FNDA:13,useMap
FNDA:8,(anonymous_1)
FNDA:2,(anonymous_2)
FNDA:2,(anonymous_3)
FNDA:2,(anonymous_4)
FNDA:2,(anonymous_5)
FNDA:2,(anonymous_6)
FNDA:2,(anonymous_7)
FNDA:1,(anonymous_8)
FNDA:1,(anonymous_9)
DA:1,1
DA:31,1
DA:32,13
DA:34,13
DA:35,2
DA:36,2
DA:37,2
DA:38,2
DA:42,13
DA:43,2
DA:44,2
DA:45,2
DA:46,2
DA:50,13
DA:52,13
DA:54,13
DA:55,1
DA:58,13
DA:59,1
DA:62,13
LF:20
LH:20
BRF:0
BRH:0
end_of_record
TN:
SF:src/hooks/useMediaQuery.ts
FN:16,useMediaQuery
FN:17,(anonymous_1)
FN:24,(anonymous_2)
FN:28,(anonymous_3)
FN:38,(anonymous_4)
FNF:5
FNH:5
FNDA:6,useMediaQuery
FNDA:4,(anonymous_1)
FNDA:4,(anonymous_2)
FNDA:2,(anonymous_3)
FNDA:4,(anonymous_4)
DA:1,1
DA:16,1
DA:17,6
DA:18,4
DA:19,4
DA:21,0
DA:24,6
DA:25,4
DA:27,4
DA:28,4
DA:29,2
DA:32,4
DA:35,4
DA:38,4
DA:39,4
DA:43,6
LF:16
LH:15
BRDA:18,0,0,4
BRDA:18,0,1,0
BRDA:25,1,0,0
BRDA:25,1,1,4
BRF:4
BRH:2
end_of_record
TN:
SF:src/hooks/useOnlineStatus.ts
FN:14,useOnlineStatus
FN:19,(anonymous_1)
FN:20,(anonymous_2)
FN:21,(anonymous_3)
FN:29,(anonymous_4)
FNF:5
FNH:5
FNDA:6,useOnlineStatus
FNDA:4,(anonymous_1)
FNDA:1,(anonymous_2)
FNDA:1,(anonymous_3)
FNDA:4,(anonymous_4)
DA:1,1
DA:14,1
DA:15,6
DA:19,6
DA:20,4
DA:21,4
DA:23,4
DA:24,4
DA:27,4
DA:29,4
DA:30,4
DA:31,4
DA:35,6
LF:13
LH:13
BRDA:16,0,0,6
BRDA:16,0,1,0
BRF:2
BRH:1
end_of_record
TN:
SF:src/hooks/usePrevious.ts
FN:25,usePrevious
FN:29,(anonymous_1)
FNF:2
FNH:2
FNDA:10,usePrevious
FNDA:10,(anonymous_1)
DA:17,1
DA:25,1
DA:26,10
DA:29,10
DA:30,10
DA:33,10
DA:36,1
LF:7
LH:7
BRF:0
BRH:0
end_of_record
TN:
SF:src/hooks/useRafState.ts
FN:26,useRefState
FN:32,(anonymous_1)
FN:33,(anonymous_2)
FNF:3
FNH:3
FNDA:9,useRefState
FNDA:4,(anonymous_1)
FNDA:4,(anonymous_2)
DA:1,1
DA:26,1
DA:29,9
DA:30,9
DA:32,9
DA:33,4
DA:35,4
DA:38,4
DA:39,4
DA:44,9
DA:46,9
LF:11
LH:11
BRDA:35,0,0,2
BRDA:35,0,1,2
BRF:2
BRH:2
end_of_record
TN:
SF:src/hooks/useSessionStorage.ts
FN:18,useSessionStorage
FN:22,(anonymous_1)
FN:35,(anonymous_2)
FN:51,(anonymous_3)
FN:52,(anonymous_4)
FN:64,(anonymous_5)
FNF:6
FNH:6
FNDA:11,useSessionStorage
FNDA:6,(anonymous_1)
FNDA:3,(anonymous_2)
FNDA:6,(anonymous_3)
FNDA:2,(anonymous_4)
FNDA:6,(anonymous_5)
DA:1,1
DA:18,1
DA:22,11
DA:23,6
DA:24,6
DA:25,6
DA:26,6
DA:28,0
DA:29,0
DA:33,11
DA:35,11
DA:36,3
DA:38,3
DA:39,3
DA:40,3
DA:41,3
DA:47,0
DA:51,11
DA:52,6
DA:53,2
DA:57,2
DA:63,6
DA:64,6
DA:67,11
LF:24
LH:21
BRDA:23,0,0,0
BRDA:23,0,1,6
BRDA:26,1,0,1
BRDA:26,1,1,5
BRDA:38,2,0,1
BRDA:38,2,1,2
BRDA:40,3,0,3
BRDA:40,3,1,0
BRDA:53,4,0,2
BRDA:53,4,1,0
BRDA:54,5,0,2
BRDA:54,5,1,2
BRDA:58,6,0,1
BRDA:58,6,1,1
BRF:14
BRH:11
end_of_record
TN:
SF:src/hooks/useThrottle.ts
FN:30,useThrottle
FN:34,(anonymous_1)
FN:44,(anonymous_2)
FN:50,(anonymous_3)
FNF:4
FNH:4
FNDA:15,useThrottle
FNDA:11,(anonymous_1)
FNDA:4,(anonymous_2)
FNDA:11,(anonymous_3)
DA:21,1
DA:30,1
DA:31,15
DA:32,15
DA:34,15
DA:35,11
DA:36,11
DA:38,11
DA:40,0
DA:41,0
DA:44,11
DA:45,4
DA:46,4
DA:50,11
DA:54,15
DA:57,1
LF:16
LH:14
BRDA:30,0,0,0
BRDA:38,1,0,0
BRDA:38,1,1,11
BRF:3
BRH:1
end_of_record
TN:
SF:src/hooks/useTimeout.ts
FN:19,useTimeout
FN:24,(anonymous_1)
FN:28,(anonymous_2)
FN:35,(anonymous_3)
FN:38,(anonymous_4)
FN:44,(anonymous_5)
FNF:6
FNH:6
FNDA:4,useTimeout
FNDA:4,(anonymous_1)
FNDA:9,(anonymous_2)
FNDA:6,(anonymous_3)
FNDA:2,(anonymous_4)
FNDA:4,(anonymous_5)
DA:1,1
DA:19,1
DA:20,4
DA:21,4
DA:24,4
DA:25,4
DA:28,4
DA:29,9
DA:30,4
DA:31,4
DA:35,4
DA:36,6
DA:37,4
DA:38,4
DA:39,2
DA:44,4
DA:45,4
DA:46,4
DA:49,4
LF:19
LH:19
BRDA:29,0,0,4
BRDA:29,0,1,5
BRDA:36,1,0,2
BRDA:36,1,1,4
BRF:4
BRH:4
end_of_record
TN:
SF:src/hooks/useToggle.ts
FN:30,useToggle
FN:41,(anonymous_1)
FN:42,(anonymous_2)
FNF:3
FNH:3
FNDA:11,useToggle
FNDA:7,(anonymous_1)
FNDA:7,(anonymous_2)
DA:20,1
DA:30,1
DA:33,11
DA:41,11
DA:42,7
DA:43,7
DA:47,11
DA:50,1
LF:8
LH:8
BRDA:31,0,0,1
BRDA:43,1,0,2
BRDA:43,1,1,5
BRF:3
BRH:3
end_of_record
TN:
SF:src/hooks/useUpdateEffect.ts
FN:16,useUpdateEffect
FN:19,(anonymous_1)
FNF:2
FNH:2
FNDA:10,useUpdateEffect
FNDA:10,(anonymous_1)
DA:1,1
DA:16,1
DA:17,10
DA:19,10
DA:20,10
DA:21,4
DA:22,4
DA:24,6
LF:8
LH:8
BRDA:20,0,0,4
BRDA:20,0,1,6
BRF:2
BRH:2
end_of_record
TN:
SF:src/hooks/useWindowSize.ts
FN:15,useWindowSize
FN:21,(anonymous_1)
FN:24,(anonymous_2)
FN:38,(anonymous_3)
FNF:4
FNH:4
FNDA:10,useWindowSize
FNDA:4,(anonymous_1)
FNDA:6,(anonymous_2)
FNDA:4,(anonymous_3)
DA:1,1
DA:15,1
DA:16,10
DA:21,10
DA:22,4
DA:24,4
DA:25,6
DA:32,4
DA:35,4
DA:38,4
DA:41,10
LF:11
LH:11
BRDA:17,0,0,10
BRDA:17,0,1,0
BRDA:18,1,0,10
BRDA:18,1,1,0
BRDA:22,2,0,0
BRDA:22,2,1,4
BRF:6
BRH:3
end_of_record
